
Circuit 1 cell sky130_fd_pr__nfet_01v8 and Circuit 2 cell sky130_fd_pr__nfet_01v8 are black boxes.
Warning: Equate pins:  cell sky130_fd_pr__nfet_01v8 is a placeholder, treated as a black box.
Warning: Equate pins:  cell sky130_fd_pr__nfet_01v8 is a placeholder, treated as a black box.

Subcircuit pins:
Circuit 1: sky130_fd_pr__nfet_01v8         |Circuit 2: sky130_fd_pr__nfet_01v8         
-------------------------------------------|-------------------------------------------
1                                          |1                                          
2                                          |2                                          
3                                          |3                                          
4                                          |4                                          
---------------------------------------------------------------------------------------
Cell pin lists are equivalent.
Device classes sky130_fd_pr__nfet_01v8 and sky130_fd_pr__nfet_01v8 are equivalent.

Circuit 1 cell sky130_fd_pr__pfet_01v8_hvt and Circuit 2 cell sky130_fd_pr__pfet_01v8_hvt are black boxes.
Warning: Equate pins:  cell sky130_fd_pr__pfet_01v8_hvt is a placeholder, treated as a black box.
Warning: Equate pins:  cell sky130_fd_pr__pfet_01v8_hvt is a placeholder, treated as a black box.

Subcircuit pins:
Circuit 1: sky130_fd_pr__pfet_01v8_hvt     |Circuit 2: sky130_fd_pr__pfet_01v8_hvt     
-------------------------------------------|-------------------------------------------
1                                          |1                                          
2                                          |2                                          
3                                          |3                                          
4                                          |4                                          
---------------------------------------------------------------------------------------
Cell pin lists are equivalent.
Device classes sky130_fd_pr__pfet_01v8_hvt and sky130_fd_pr__pfet_01v8_hvt are equivalent.

Class sky130_fd_sc_hd__dfrtp_2 (0):  Merged 2 parallel devices.
Class sky130_fd_sc_hd__dfrtp_2 (1):  Merged 2 parallel devices.
Subcircuit summary:
Circuit 1: sky130_fd_sc_hd__dfrtp_2        |Circuit 2: sky130_fd_sc_hd__dfrtp_2        
-------------------------------------------|-------------------------------------------
sky130_fd_pr__nfet_01v8 (15->14)           |sky130_fd_pr__nfet_01v8 (15->14)           
sky130_fd_pr__pfet_01v8_hvt (15->14)       |sky130_fd_pr__pfet_01v8_hvt (15->14)       
Number of devices: 28                      |Number of devices: 28                      
Number of nets: 21                         |Number of nets: 21                         
---------------------------------------------------------------------------------------
Netlists match uniquely.

Subcircuit pins:
Circuit 1: sky130_fd_sc_hd__dfrtp_2        |Circuit 2: sky130_fd_sc_hd__dfrtp_2        
-------------------------------------------|-------------------------------------------
RESET_B                                    |RESET_B                                    
VPWR                                       |VPWR                                       
VPB                                        |VPB                                        
VNB                                        |VNB                                        
VGND                                       |VGND                                       
Q                                          |Q                                          
D                                          |D                                          
CLK                                        |CLK                                        
---------------------------------------------------------------------------------------
Cell pin lists are equivalent.
Device classes sky130_fd_sc_hd__dfrtp_2 and sky130_fd_sc_hd__dfrtp_2 are equivalent.

Class sky130_fd_sc_hd__buf_8 (0):  Merged 18 parallel devices.
Class sky130_fd_sc_hd__buf_8 (1):  Merged 18 parallel devices.
Subcircuit summary:
Circuit 1: sky130_fd_sc_hd__buf_8          |Circuit 2: sky130_fd_sc_hd__buf_8          
-------------------------------------------|-------------------------------------------
sky130_fd_pr__nfet_01v8 (11->2)            |sky130_fd_pr__nfet_01v8 (11->2)            
sky130_fd_pr__pfet_01v8_hvt (11->2)        |sky130_fd_pr__pfet_01v8_hvt (11->2)        
Number of devices: 4                       |Number of devices: 4                       
Number of nets: 7                          |Number of nets: 7                          
---------------------------------------------------------------------------------------
Netlists match uniquely.

Subcircuit pins:
Circuit 1: sky130_fd_sc_hd__buf_8          |Circuit 2: sky130_fd_sc_hd__buf_8          
-------------------------------------------|-------------------------------------------
X                                          |X                                          
VGND                                       |VGND                                       
VNB                                        |VNB                                        
VPWR                                       |VPWR                                       
VPB                                        |VPB                                        
A                                          |A                                          
---------------------------------------------------------------------------------------
Cell pin lists are equivalent.
Device classes sky130_fd_sc_hd__buf_8 and sky130_fd_sc_hd__buf_8 are equivalent.
Flattening unmatched subcell flip_flop_5 in circuit cyclic_flag (0)(2 instances)
Flattening unmatched subcell buf in circuit cyclic_flag (0)(1 instance)

Subcircuit summary:
Circuit 1: cyclic_flag                     |Circuit 2: cyclic_flag                     
-------------------------------------------|-------------------------------------------
sky130_fd_sc_hd__dfrtp_2 (10)              |sky130_fd_sc_hd__dfrtp_2 (10)              
sky130_fd_sc_hd__buf_8 (1)                 |sky130_fd_sc_hd__buf_8 (1)                 
Number of devices: 11                      |Number of devices: 11                      
Number of nets: 16                         |Number of nets: 16                         
---------------------------------------------------------------------------------------
Netlists match uniquely.

Subcircuit pins:
Circuit 1: cyclic_flag                     |Circuit 2: cyclic_flag                     
-------------------------------------------|-------------------------------------------
RDY                                        |RDY                                        
CLKS                                       |CLKS                                       
VSSD                                       |VSSD                                       
VDDD                                       |VDDD                                       
CF[0]                                      |CF[9] **Mismatch**                         
CF[9]                                      |CF[0] **Mismatch**                         
CF[8]                                      |CF[1] **Mismatch**                         
CF[2]                                      |CF[7] **Mismatch**                         
CF[6]                                      |CF[3] **Mismatch**                         
CF[4]                                      |CF[5] **Mismatch**                         
CF[5]                                      |CF[4] **Mismatch**                         
CF[3]                                      |CF[6] **Mismatch**                         
CF[7]                                      |CF[2] **Mismatch**                         
CF[1]                                      |CF[8] **Mismatch**                         
EN                                         |EN                                         
FINAL                                      |FINAL                                      
---------------------------------------------------------------------------------------
Cell pin lists for cyclic_flag and cyclic_flag altered to match.
Device classes cyclic_flag and cyclic_flag are equivalent.

Final result: Top level cell failed pin matching.
