
Circuit 1 cell sky130_fd_pr__pfet_01v8_lvt and Circuit 2 cell sky130_fd_pr__pfet_01v8_lvt are black boxes.
Warning: Equate pins:  cell sky130_fd_pr__pfet_01v8_lvt is a placeholder, treated as a black box.
Warning: Equate pins:  cell sky130_fd_pr__pfet_01v8_lvt is a placeholder, treated as a black box.

Subcircuit pins:
Circuit 1: sky130_fd_pr__pfet_01v8_lvt     |Circuit 2: sky130_fd_pr__pfet_01v8_lvt     
-------------------------------------------|-------------------------------------------
1                                          |1                                          
2                                          |2                                          
3                                          |3                                          
4                                          |4                                          
---------------------------------------------------------------------------------------
Cell pin lists are equivalent.
Device classes sky130_fd_pr__pfet_01v8_lvt and sky130_fd_pr__pfet_01v8_lvt are equivalent.

Circuit 1 cell sky130_fd_pr__nfet_01v8_lvt and Circuit 2 cell sky130_fd_pr__nfet_01v8_lvt are black boxes.
Warning: Equate pins:  cell sky130_fd_pr__nfet_01v8_lvt is a placeholder, treated as a black box.
Warning: Equate pins:  cell sky130_fd_pr__nfet_01v8_lvt is a placeholder, treated as a black box.

Subcircuit pins:
Circuit 1: sky130_fd_pr__nfet_01v8_lvt     |Circuit 2: sky130_fd_pr__nfet_01v8_lvt     
-------------------------------------------|-------------------------------------------
1                                          |1                                          
2                                          |2                                          
3                                          |3                                          
4                                          |4                                          
---------------------------------------------------------------------------------------
Cell pin lists are equivalent.
Device classes sky130_fd_pr__nfet_01v8_lvt and sky130_fd_pr__nfet_01v8_lvt are equivalent.
Flattening unmatched subcell sky130_fd_pr__pfet_01v8_lvt_NZTZAV in circuit delay_element (0)(3 instances)
Flattening unmatched subcell sky130_fd_pr__nfet_01v8_lvt_PHPD3W in circuit delay_element (0)(3 instances)

Subcircuit summary:
Circuit 1: delay_element                   |Circuit 2: delay_element                   
-------------------------------------------|-------------------------------------------
sky130_fd_pr__pfet_01v8_lvt (3)            |sky130_fd_pr__pfet_01v8_lvt (3)            
sky130_fd_pr__nfet_01v8_lvt (3)            |sky130_fd_pr__nfet_01v8_lvt (3)            
Number of devices: 6                       |Number of devices: 6                       
Number of nets: 9                          |Number of nets: 9                          
---------------------------------------------------------------------------------------
Netlists match uniquely.

Subcircuit pins:
Circuit 1: delay_element                   |Circuit 2: delay_element                   
-------------------------------------------|-------------------------------------------
vip                                        |VIP                                        
vin                                        |VIN                                        
vdd                                        |VDD                                        
vss                                        |VSS                                        
in                                         |IN                                         
out                                        |OUT                                        
---------------------------------------------------------------------------------------
Cell pin lists are equivalent.
Device classes delay_element and delay_element are equivalent.

Final result: Circuits match uniquely.
.
