Netgen 1.5.277 compiled on Rab 21 Agu 2024 08:42:28  WIB
Warning: netgen command 'format' use fully-qualified name '::netgen::format'
Warning: netgen command 'global' use fully-qualified name '::netgen::global'
Reading netlist file /home/mthudaa/Documents/UNIC-CASS-TSAR-ADC-ITS/lvs/sar.ext.spc
Call to undefined subcircuit sky130_fd_pr__nfet_01v8
Creating placeholder cell definition.
Call to undefined subcircuit sky130_fd_pr__pfet_01v8_hvt
Creating placeholder cell definition.
Call to undefined subcircuit sky130_fd_pr__special_nfet_01v8
Creating placeholder cell definition.
Reading netlist file /home/mthudaa/Documents/UNIC-CASS-TSAR-ADC-ITS/lvs/sar.sch.spc
Call to undefined subcircuit sky130_fd_pr__pfet_01v8_hvt
Creating placeholder cell definition.
Call to undefined subcircuit sky130_fd_pr__nfet_01v8
Creating placeholder cell definition.
Call to undefined subcircuit sky130_fd_pr__res_generic_po
Creating placeholder cell definition.
Call to undefined subcircuit sky130_fd_pr__special_nfet_01v8
Creating placeholder cell definition.
Call to undefined subcircuit sky130_fd_pr__diode_pw2nd_05v5
Creating placeholder cell definition.
Call to undefined subcircuit sky130_fd_pr__special_pfet_01v8_hvt
Creating placeholder cell definition.
Call to undefined subcircuit sky130_fd_sc_hd__nand2_2
Creating placeholder cell definition.
Call to undefined subcircuit sky130_fd_sc_hd__nor2_2
Creating placeholder cell definition.
Call to undefined subcircuit auto_sampling
Creating placeholder cell definition.
Call to undefined subcircuit cyclic_flag
Creating placeholder cell definition.
Call to undefined subcircuit cdac_ctrl
Creating placeholder cell definition.
Call to undefined subcircuit out_latch
Creating placeholder cell definition.

Reading setup file /usr/local/share/pdk/sky130A/libs.tech/netgen/sky130A_setup.tcl

Model sky130_fd_pr__res_generic_po pin 1 == 2
No property value found for device sky130_fd_pr__res_generic_po
No property mult found for device sky130_fd_pr__res_generic_po
Model sky130_fd_pr__nfet_01v8 pin 1 == 3
No property mult found for device sky130_fd_pr__nfet_01v8
No property sa found for device sky130_fd_pr__nfet_01v8
No property sb found for device sky130_fd_pr__nfet_01v8
No property sd found for device sky130_fd_pr__nfet_01v8
No property nf found for device sky130_fd_pr__nfet_01v8
No property nrd found for device sky130_fd_pr__nfet_01v8
No property nrs found for device sky130_fd_pr__nfet_01v8
No property area found for device sky130_fd_pr__nfet_01v8
No property perim found for device sky130_fd_pr__nfet_01v8
No property topography found for device sky130_fd_pr__nfet_01v8
Model sky130_fd_pr__nfet_01v8 pin 1 == 3
No property as found for device sky130_fd_pr__nfet_01v8
No property ad found for device sky130_fd_pr__nfet_01v8
No property ps found for device sky130_fd_pr__nfet_01v8
No property pd found for device sky130_fd_pr__nfet_01v8
No property mult found for device sky130_fd_pr__nfet_01v8
No property sa found for device sky130_fd_pr__nfet_01v8
No property sb found for device sky130_fd_pr__nfet_01v8
No property sd found for device sky130_fd_pr__nfet_01v8
No property nf found for device sky130_fd_pr__nfet_01v8
No property nrd found for device sky130_fd_pr__nfet_01v8
No property nrs found for device sky130_fd_pr__nfet_01v8
No property area found for device sky130_fd_pr__nfet_01v8
No property perim found for device sky130_fd_pr__nfet_01v8
No property topography found for device sky130_fd_pr__nfet_01v8
Model sky130_fd_pr__pfet_01v8_hvt pin 1 == 3
No property mult found for device sky130_fd_pr__pfet_01v8_hvt
No property sa found for device sky130_fd_pr__pfet_01v8_hvt
No property sb found for device sky130_fd_pr__pfet_01v8_hvt
No property sd found for device sky130_fd_pr__pfet_01v8_hvt
No property nf found for device sky130_fd_pr__pfet_01v8_hvt
No property nrd found for device sky130_fd_pr__pfet_01v8_hvt
No property nrs found for device sky130_fd_pr__pfet_01v8_hvt
No property area found for device sky130_fd_pr__pfet_01v8_hvt
No property perim found for device sky130_fd_pr__pfet_01v8_hvt
No property topography found for device sky130_fd_pr__pfet_01v8_hvt
Model sky130_fd_pr__pfet_01v8_hvt pin 1 == 3
No property as found for device sky130_fd_pr__pfet_01v8_hvt
No property ad found for device sky130_fd_pr__pfet_01v8_hvt
No property ps found for device sky130_fd_pr__pfet_01v8_hvt
No property pd found for device sky130_fd_pr__pfet_01v8_hvt
No property mult found for device sky130_fd_pr__pfet_01v8_hvt
No property sa found for device sky130_fd_pr__pfet_01v8_hvt
No property sb found for device sky130_fd_pr__pfet_01v8_hvt
No property sd found for device sky130_fd_pr__pfet_01v8_hvt
No property nf found for device sky130_fd_pr__pfet_01v8_hvt
No property nrd found for device sky130_fd_pr__pfet_01v8_hvt
No property nrs found for device sky130_fd_pr__pfet_01v8_hvt
No property area found for device sky130_fd_pr__pfet_01v8_hvt
No property perim found for device sky130_fd_pr__pfet_01v8_hvt
No property topography found for device sky130_fd_pr__pfet_01v8_hvt
Model sky130_fd_pr__special_nfet_01v8 pin 1 == 3
No property mult found for device sky130_fd_pr__special_nfet_01v8
No property sa found for device sky130_fd_pr__special_nfet_01v8
No property sb found for device sky130_fd_pr__special_nfet_01v8
No property sd found for device sky130_fd_pr__special_nfet_01v8
No property nf found for device sky130_fd_pr__special_nfet_01v8
No property nrd found for device sky130_fd_pr__special_nfet_01v8
No property nrs found for device sky130_fd_pr__special_nfet_01v8
No property area found for device sky130_fd_pr__special_nfet_01v8
No property perim found for device sky130_fd_pr__special_nfet_01v8
No property topography found for device sky130_fd_pr__special_nfet_01v8
Model sky130_fd_pr__special_nfet_01v8 pin 1 == 3
No property as found for device sky130_fd_pr__special_nfet_01v8
No property ad found for device sky130_fd_pr__special_nfet_01v8
No property ps found for device sky130_fd_pr__special_nfet_01v8
No property pd found for device sky130_fd_pr__special_nfet_01v8
No property mult found for device sky130_fd_pr__special_nfet_01v8
No property sa found for device sky130_fd_pr__special_nfet_01v8
No property sb found for device sky130_fd_pr__special_nfet_01v8
No property sd found for device sky130_fd_pr__special_nfet_01v8
No property nf found for device sky130_fd_pr__special_nfet_01v8
No property nrd found for device sky130_fd_pr__special_nfet_01v8
No property nrs found for device sky130_fd_pr__special_nfet_01v8
No property area found for device sky130_fd_pr__special_nfet_01v8
No property perim found for device sky130_fd_pr__special_nfet_01v8
No property topography found for device sky130_fd_pr__special_nfet_01v8
Model sky130_fd_pr__special_pfet_01v8_hvt pin 1 == 3
No property as found for device sky130_fd_pr__special_pfet_01v8_hvt
No property ad found for device sky130_fd_pr__special_pfet_01v8_hvt
No property ps found for device sky130_fd_pr__special_pfet_01v8_hvt
No property pd found for device sky130_fd_pr__special_pfet_01v8_hvt
No property mult found for device sky130_fd_pr__special_pfet_01v8_hvt
No property sa found for device sky130_fd_pr__special_pfet_01v8_hvt
No property sb found for device sky130_fd_pr__special_pfet_01v8_hvt
No property sd found for device sky130_fd_pr__special_pfet_01v8_hvt
No property nf found for device sky130_fd_pr__special_pfet_01v8_hvt
No property nrd found for device sky130_fd_pr__special_pfet_01v8_hvt
No property nrs found for device sky130_fd_pr__special_pfet_01v8_hvt
No property area found for device sky130_fd_pr__special_pfet_01v8_hvt
No property perim found for device sky130_fd_pr__special_pfet_01v8_hvt
No property topography found for device sky130_fd_pr__special_pfet_01v8_hvt
No property value found for device sky130_fd_pr__diode_pw2nd_05v5
No property mult found for device sky130_fd_pr__diode_pw2nd_05v5
Comparison output logged to file /home/mthudaa/Documents/UNIC-CASS-TSAR-ADC-ITS/lvs/sar.lvs.out
Logging to file "/home/mthudaa/Documents/UNIC-CASS-TSAR-ADC-ITS/lvs/sar.lvs.out" enabled
Circuit sky130_fd_pr__pfet_01v8_hvt contains no devices.
Circuit sky130_fd_pr__nfet_01v8 contains no devices.
Circuit sky130_fd_pr__special_nfet_01v8 contains no devices.

Contents of circuit 1:  Circuit: 'sky130_fd_sc_hd__and2_1'
Circuit sky130_fd_sc_hd__and2_1 contains 6 device instances.
  Class: sky130_fd_pr__nfet_01v8 instances:   3
  Class: sky130_fd_pr__pfet_01v8_hvt instances:   3
Circuit contains 9 nets.
Contents of circuit 2:  Circuit: 'sky130_fd_sc_hd__and2_1'
Circuit sky130_fd_sc_hd__and2_1 contains 6 device instances.
  Class: sky130_fd_pr__nfet_01v8 instances:   3
  Class: sky130_fd_pr__pfet_01v8_hvt instances:   3
Circuit contains 9 nets.

Circuit 1 contains 6 devices, Circuit 2 contains 6 devices.
Circuit 1 contains 9 nets,    Circuit 2 contains 9 nets.

  Flattening non-matched subcircuits sky130_fd_sc_hd__and2_1 sky130_fd_sc_hd__and2_1

Flattening instances of sky130_fd_sc_hd__and2_1 in file /home/mthudaa/Documents/UNIC-CASS-TSAR-ADC-ITS/lvs/sar.ext.spc
Flattening instances of sky130_fd_sc_hd__and2_1 in file /home/mthudaa/Documents/UNIC-CASS-TSAR-ADC-ITS/lvs/sar.sch.spc

Contents of circuit 1:  Circuit: 'sky130_fd_sc_hd__dfrtp_2'
Circuit sky130_fd_sc_hd__dfrtp_2 contains 30 device instances.
  Class: sky130_fd_pr__nfet_01v8 instances:  11
  Class: sky130_fd_pr__pfet_01v8_hvt instances:  15
  Class: sky130_fd_pr__special_nfet_01v8 instances:   4
Circuit contains 21 nets.
Contents of circuit 2:  Circuit: 'sky130_fd_sc_hd__dfrtp_2'
Circuit sky130_fd_sc_hd__dfrtp_2 contains 30 device instances.
  Class: sky130_fd_pr__nfet_01v8 instances:  11
  Class: sky130_fd_pr__pfet_01v8_hvt instances:  15
  Class: sky130_fd_pr__special_nfet_01v8 instances:   4
Circuit contains 21 nets.

Circuit was modified by parallel/series device merging.
New circuit summary:

Contents of circuit 1:  Circuit: 'sky130_fd_sc_hd__dfrtp_2'
Circuit sky130_fd_sc_hd__dfrtp_2 contains 28 device instances.
  Class: sky130_fd_pr__nfet_01v8 instances:  10
  Class: sky130_fd_pr__pfet_01v8_hvt instances:  14
  Class: sky130_fd_pr__special_nfet_01v8 instances:   4
Circuit contains 21 nets.
Contents of circuit 2:  Circuit: 'sky130_fd_sc_hd__dfrtp_2'
Circuit sky130_fd_sc_hd__dfrtp_2 contains 28 device instances.
  Class: sky130_fd_pr__nfet_01v8 instances:  10
  Class: sky130_fd_pr__pfet_01v8_hvt instances:  14
  Class: sky130_fd_pr__special_nfet_01v8 instances:   4
Circuit contains 21 nets.

Circuit 1 contains 28 devices, Circuit 2 contains 28 devices.
Circuit 1 contains 21 nets,    Circuit 2 contains 21 nets.

  Flattening non-matched subcircuits sky130_fd_sc_hd__dfrtp_2 sky130_fd_sc_hd__dfrtp_2

Flattening instances of sky130_fd_sc_hd__dfrtp_2 in file /home/mthudaa/Documents/UNIC-CASS-TSAR-ADC-ITS/lvs/sar.ext.spc
Flattening instances of sky130_fd_sc_hd__dfrtp_2 in file /home/mthudaa/Documents/UNIC-CASS-TSAR-ADC-ITS/lvs/sar.sch.spc

Contents of circuit 1:  Circuit: 'sky130_fd_sc_hd__buf_8'
Circuit sky130_fd_sc_hd__buf_8 contains 22 device instances.
  Class: sky130_fd_pr__nfet_01v8 instances:  11
  Class: sky130_fd_pr__pfet_01v8_hvt instances:  11
Circuit contains 7 nets.
Contents of circuit 2:  Circuit: 'sky130_fd_sc_hd__buf_8'
Circuit sky130_fd_sc_hd__buf_8 contains 22 device instances.
  Class: sky130_fd_pr__nfet_01v8 instances:  11
  Class: sky130_fd_pr__pfet_01v8_hvt instances:  11
Circuit contains 7 nets.

Circuit was modified by parallel/series device merging.
New circuit summary:

Contents of circuit 1:  Circuit: 'sky130_fd_sc_hd__buf_8'
Circuit sky130_fd_sc_hd__buf_8 contains 4 device instances.
  Class: sky130_fd_pr__nfet_01v8 instances:   2
  Class: sky130_fd_pr__pfet_01v8_hvt instances:   2
Circuit contains 7 nets.
Contents of circuit 2:  Circuit: 'sky130_fd_sc_hd__buf_8'
Circuit sky130_fd_sc_hd__buf_8 contains 4 device instances.
  Class: sky130_fd_pr__nfet_01v8 instances:   2
  Class: sky130_fd_pr__pfet_01v8_hvt instances:   2
Circuit contains 7 nets.

Circuit 1 contains 4 devices, Circuit 2 contains 4 devices.
Circuit 1 contains 7 nets,    Circuit 2 contains 7 nets.

  Flattening non-matched subcircuits sky130_fd_sc_hd__buf_8 sky130_fd_sc_hd__buf_8

Flattening instances of sky130_fd_sc_hd__buf_8 in file /home/mthudaa/Documents/UNIC-CASS-TSAR-ADC-ITS/lvs/sar.ext.spc
Flattening instances of sky130_fd_sc_hd__buf_8 in file /home/mthudaa/Documents/UNIC-CASS-TSAR-ADC-ITS/lvs/sar.sch.spc

Contents of circuit 1:  Circuit: 'sky130_fd_sc_hd__inv_1'
Circuit sky130_fd_sc_hd__inv_1 contains 2 device instances.
  Class: sky130_fd_pr__nfet_01v8 instances:   1
  Class: sky130_fd_pr__pfet_01v8_hvt instances:   1
Circuit contains 6 nets.
Contents of circuit 2:  Circuit: 'sky130_fd_sc_hd__inv_1'
Circuit sky130_fd_sc_hd__inv_1 contains 2 device instances.
  Class: sky130_fd_pr__nfet_01v8 instances:   1
  Class: sky130_fd_pr__pfet_01v8_hvt instances:   1
Circuit contains 6 nets.

Circuit 1 contains 2 devices, Circuit 2 contains 2 devices.
Circuit 1 contains 6 nets,    Circuit 2 contains 6 nets.


Contents of circuit 1:  Circuit: 'sky130_fd_sc_hd__inv_2'
Circuit sky130_fd_sc_hd__inv_2 contains 4 device instances.
  Class: sky130_fd_pr__nfet_01v8 instances:   2
  Class: sky130_fd_pr__pfet_01v8_hvt instances:   2
Circuit contains 6 nets.
Contents of circuit 2:  Circuit: 'sky130_fd_sc_hd__inv_2'
Circuit sky130_fd_sc_hd__inv_2 contains 4 device instances.
  Class: sky130_fd_pr__nfet_01v8 instances:   2
  Class: sky130_fd_pr__pfet_01v8_hvt instances:   2
Circuit contains 6 nets.

Circuit was modified by parallel/series device merging.
New circuit summary:

Contents of circuit 1:  Circuit: 'sky130_fd_sc_hd__inv_2'
Circuit sky130_fd_sc_hd__inv_2 contains 2 device instances.
  Class: sky130_fd_pr__nfet_01v8 instances:   1
  Class: sky130_fd_pr__pfet_01v8_hvt instances:   1
Circuit contains 6 nets.
Contents of circuit 2:  Circuit: 'sky130_fd_sc_hd__inv_2'
Circuit sky130_fd_sc_hd__inv_2 contains 2 device instances.
  Class: sky130_fd_pr__nfet_01v8 instances:   1
  Class: sky130_fd_pr__pfet_01v8_hvt instances:   1
Circuit contains 6 nets.

Circuit 1 contains 2 devices, Circuit 2 contains 2 devices.
Circuit 1 contains 6 nets,    Circuit 2 contains 6 nets.


Contents of circuit 1:  Circuit: 'sky130_fd_sc_hd__inv_4'
Circuit sky130_fd_sc_hd__inv_4 contains 8 device instances.
  Class: sky130_fd_pr__nfet_01v8 instances:   4
  Class: sky130_fd_pr__pfet_01v8_hvt instances:   4
Circuit contains 6 nets.
Contents of circuit 2:  Circuit: 'sky130_fd_sc_hd__inv_4'
Circuit sky130_fd_sc_hd__inv_4 contains 8 device instances.
  Class: sky130_fd_pr__nfet_01v8 instances:   4
  Class: sky130_fd_pr__pfet_01v8_hvt instances:   4
Circuit contains 6 nets.

Circuit was modified by parallel/series device merging.
New circuit summary:

Contents of circuit 1:  Circuit: 'sky130_fd_sc_hd__inv_4'
Circuit sky130_fd_sc_hd__inv_4 contains 2 device instances.
  Class: sky130_fd_pr__nfet_01v8 instances:   1
  Class: sky130_fd_pr__pfet_01v8_hvt instances:   1
Circuit contains 6 nets.
Contents of circuit 2:  Circuit: 'sky130_fd_sc_hd__inv_4'
Circuit sky130_fd_sc_hd__inv_4 contains 2 device instances.
  Class: sky130_fd_pr__nfet_01v8 instances:   1
  Class: sky130_fd_pr__pfet_01v8_hvt instances:   1
Circuit contains 6 nets.

Circuit 1 contains 2 devices, Circuit 2 contains 2 devices.
Circuit 1 contains 6 nets,    Circuit 2 contains 6 nets.


Contents of circuit 1:  Circuit: 'sky130_fd_sc_hd__inv_8'
Circuit sky130_fd_sc_hd__inv_8 contains 16 device instances.
  Class: sky130_fd_pr__nfet_01v8 instances:   8
  Class: sky130_fd_pr__pfet_01v8_hvt instances:   8
Circuit contains 6 nets.
Contents of circuit 2:  Circuit: 'sky130_fd_sc_hd__inv_8'
Circuit sky130_fd_sc_hd__inv_8 contains 16 device instances.
  Class: sky130_fd_pr__nfet_01v8 instances:   8
  Class: sky130_fd_pr__pfet_01v8_hvt instances:   8
Circuit contains 6 nets.

Circuit was modified by parallel/series device merging.
New circuit summary:

Contents of circuit 1:  Circuit: 'sky130_fd_sc_hd__inv_8'
Circuit sky130_fd_sc_hd__inv_8 contains 2 device instances.
  Class: sky130_fd_pr__nfet_01v8 instances:   1
  Class: sky130_fd_pr__pfet_01v8_hvt instances:   1
Circuit contains 6 nets.
Contents of circuit 2:  Circuit: 'sky130_fd_sc_hd__inv_8'
Circuit sky130_fd_sc_hd__inv_8 contains 2 device instances.
  Class: sky130_fd_pr__nfet_01v8 instances:   1
  Class: sky130_fd_pr__pfet_01v8_hvt instances:   1
Circuit contains 6 nets.

Circuit 1 contains 2 devices, Circuit 2 contains 2 devices.
Circuit 1 contains 6 nets,    Circuit 2 contains 6 nets.


Contents of circuit 1:  Circuit: 'cdac_ctrl'
Circuit cdac_ctrl contains 568 device instances.
  Class: sky130_fd_pr__nfet_01v8 instances: 204
  Class: sky130_fd_pr__pfet_01v8_hvt instances: 284
  Class: sky130_fd_pr__special_nfet_01v8 instances:  80
Circuit contains 299 nets.
Contents of circuit 2:  Circuit: 'cdac_ctrl'
Circuit cdac_ctrl contains 568 device instances.
  Class: sky130_fd_pr__nfet_01v8 instances: 204
  Class: sky130_fd_pr__pfet_01v8_hvt instances: 284
  Class: sky130_fd_pr__special_nfet_01v8 instances:  80
Circuit contains 561 nets.

Circuit 1 contains 568 devices, Circuit 2 contains 568 devices.
Circuit 1 contains 299 nets,    Circuit 2 contains 299 nets.

  Flattening non-matched subcircuits cdac_ctrl cdac_ctrl

Flattening instances of cdac_ctrl in file /home/mthudaa/Documents/UNIC-CASS-TSAR-ADC-ITS/lvs/sar.ext.spc
Flattening instances of cdac_ctrl in file /home/mthudaa/Documents/UNIC-CASS-TSAR-ADC-ITS/lvs/sar.sch.spc

Contents of circuit 1:  Circuit: 'out_latch'
Circuit out_latch contains 292 device instances.
  Class: sky130_fd_pr__nfet_01v8 instances: 106
  Class: sky130_fd_pr__pfet_01v8_hvt instances: 146
  Class: sky130_fd_pr__special_nfet_01v8 instances:  40
Circuit contains 160 nets, and 1 disconnected pin.
Contents of circuit 2:  Circuit: 'out_latch'
Circuit out_latch contains 292 device instances.
  Class: sky130_fd_pr__nfet_01v8 instances: 106
  Class: sky130_fd_pr__pfet_01v8_hvt instances: 146
  Class: sky130_fd_pr__special_nfet_01v8 instances:  40
Circuit contains 294 nets.

Circuit 1 contains 292 devices, Circuit 2 contains 292 devices.
Circuit 1 contains 160 nets,    Circuit 2 contains 160 nets.

  Flattening non-matched subcircuits out_latch out_latch

Flattening instances of out_latch in file /home/mthudaa/Documents/UNIC-CASS-TSAR-ADC-ITS/lvs/sar.ext.spc
Flattening instances of out_latch in file /home/mthudaa/Documents/UNIC-CASS-TSAR-ADC-ITS/lvs/sar.sch.spc

Contents of circuit 1:  Circuit: 'cyclic_flag'
Circuit cyclic_flag contains 284 device instances.
  Class: sky130_fd_pr__nfet_01v8 instances: 102
  Class: sky130_fd_pr__pfet_01v8_hvt instances: 142
  Class: sky130_fd_pr__special_nfet_01v8 instances:  40
Circuit contains 147 nets.
Contents of circuit 2:  Circuit: 'cyclic_flag'
Circuit cyclic_flag contains 284 device instances.
  Class: sky130_fd_pr__nfet_01v8 instances: 102
  Class: sky130_fd_pr__pfet_01v8_hvt instances: 142
  Class: sky130_fd_pr__special_nfet_01v8 instances:  40
Circuit contains 278 nets.

Circuit 1 contains 284 devices, Circuit 2 contains 284 devices.
Circuit 1 contains 147 nets,    Circuit 2 contains 147 nets.

  Flattening non-matched subcircuits cyclic_flag cyclic_flag

Flattening instances of cyclic_flag in file /home/mthudaa/Documents/UNIC-CASS-TSAR-ADC-ITS/lvs/sar.ext.spc
Flattening instances of cyclic_flag in file /home/mthudaa/Documents/UNIC-CASS-TSAR-ADC-ITS/lvs/sar.sch.spc

Contents of circuit 1:  Circuit: 'auto_sampling'
Circuit auto_sampling contains 341 device instances.
  Class: sky130_fd_pr__nfet_01v8 instances: 120
  Class: sky130_fd_sc_hd__inv_1 instances:   2
  Class: sky130_fd_sc_hd__inv_2 instances:   1
  Class: sky130_fd_sc_hd__inv_4 instances:   1
  Class: sky130_fd_sc_hd__inv_8 instances:   1
  Class: sky130_fd_pr__pfet_01v8_hvt instances: 168
  Class: sky130_fd_pr__special_nfet_01v8 instances:  48
Circuit contains 177 nets, and 1 disconnected pin.
Contents of circuit 2:  Circuit: 'auto_sampling'
Circuit auto_sampling contains 341 device instances.
  Class: sky130_fd_pr__nfet_01v8 instances: 120
  Class: sky130_fd_sc_hd__inv_1 instances:   2
  Class: sky130_fd_sc_hd__inv_2 instances:   1
  Class: sky130_fd_sc_hd__inv_4 instances:   1
  Class: sky130_fd_sc_hd__inv_8 instances:   1
  Class: sky130_fd_pr__pfet_01v8_hvt instances: 168
  Class: sky130_fd_pr__special_nfet_01v8 instances:  48
Circuit contains 333 nets.

Circuit 1 contains 341 devices, Circuit 2 contains 341 devices.
Circuit 1 contains 177 nets,    Circuit 2 contains 177 nets.

  Flattening non-matched subcircuits auto_sampling auto_sampling

Flattening instances of auto_sampling in file /home/mthudaa/Documents/UNIC-CASS-TSAR-ADC-ITS/lvs/sar.ext.spc
Flattening instances of auto_sampling in file /home/mthudaa/Documents/UNIC-CASS-TSAR-ADC-ITS/lvs/sar.sch.spc

Contents of circuit 1:  Circuit: 'sar'
Circuit sar contains 2970 device instances.
  Class: sky130_fd_pr__nfet_01v8 instances: 1064
  Class: sky130_fd_sc_hd__inv_1 instances:   4
  Class: sky130_fd_sc_hd__inv_2 instances:   2
  Class: sky130_fd_sc_hd__inv_4 instances:   2
  Class: sky130_fd_sc_hd__inv_8 instances:   2
  Class: sky130_fd_pr__pfet_01v8_hvt instances: 1480
  Class: sky130_fd_pr__special_nfet_01v8 instances: 416
Circuit contains 751 nets.
Contents of circuit 2:  Circuit: 'sar'
Circuit sar contains 1485 device instances.
  Class: sky130_fd_pr__nfet_01v8 instances: 532
  Class: sky130_fd_sc_hd__inv_1 instances:   2
  Class: sky130_fd_sc_hd__inv_2 instances:   1
  Class: sky130_fd_sc_hd__inv_4 instances:   1
  Class: sky130_fd_sc_hd__inv_8 instances:   1
  Class: sky130_fd_pr__pfet_01v8_hvt instances: 740
  Class: sky130_fd_pr__special_nfet_01v8 instances: 208
Circuit contains 2135 nets, and 1 disconnected pin.

Circuit was modified by parallel/series device merging.
New circuit summary:

Contents of circuit 1:  Circuit: 'sar'
Circuit sar contains 1490 device instances.
  Class: sky130_fd_pr__nfet_01v8 instances: 532
  Class: sky130_fd_sc_hd__inv_1 instances:   4
  Class: sky130_fd_sc_hd__inv_2 instances:   2
  Class: sky130_fd_sc_hd__inv_4 instances:   2
  Class: sky130_fd_sc_hd__inv_8 instances:   2
  Class: sky130_fd_pr__pfet_01v8_hvt instances: 740
  Class: sky130_fd_pr__special_nfet_01v8 instances: 208
Circuit contains 751 nets.
Contents of circuit 2:  Circuit: 'sar'
Circuit sar contains 1485 device instances.
  Class: sky130_fd_pr__nfet_01v8 instances: 532
  Class: sky130_fd_sc_hd__inv_1 instances:   2
  Class: sky130_fd_sc_hd__inv_2 instances:   1
  Class: sky130_fd_sc_hd__inv_4 instances:   1
  Class: sky130_fd_sc_hd__inv_8 instances:   1
  Class: sky130_fd_pr__pfet_01v8_hvt instances: 740
  Class: sky130_fd_pr__special_nfet_01v8 instances: 208
Circuit contains 2135 nets, and 1 disconnected pin.

Circuit 1 contains 1490 devices, Circuit 2 contains 1485 devices. *** MISMATCH ***
Circuit 1 contains 750 nets,    Circuit 2 contains 750 nets.


Final result: 
Top level cell failed pin matching.

Logging to file "/home/mthudaa/Documents/UNIC-CASS-TSAR-ADC-ITS/lvs/sar.lvs.out" disabled
LVS Done.
