Netgen 1.5.277 compiled on Tue Oct 15 10:26:51 WIB 2024
Warning: netgen command 'format' use fully-qualified name '::netgen::format'
Warning: netgen command 'global' use fully-qualified name '::netgen::global'
Reading netlist file /home/ahmadjabar/UNIC-CASS-TSAR-ADC-ITS/lvs/sh_bsw4.ext.spc
Call to undefined subcircuit sky130_fd_pr__pfet_01v8
Creating placeholder cell definition.
Call to undefined subcircuit sky130_fd_pr__nfet_01v8
Creating placeholder cell definition.
Call to undefined subcircuit sky130_fd_pr__cap_mim_m3_1
Creating placeholder cell definition.
Reading netlist file /home/ahmadjabar/UNIC-CASS-TSAR-ADC-ITS/lvs/sh_bsw4.sch.spc
Call to undefined subcircuit sh_bsw-prelay
Creating placeholder cell definition.
Call to undefined subcircuit ncell_bsw_sw
Creating placeholder cell definition.
Call to undefined subcircuit pcell_bsw_dischrg
Creating placeholder cell definition.
Call to undefined subcircuit cap_bsw
Creating placeholder cell definition.
Call to undefined subcircuit ncell_bsw_dischrg
Creating placeholder cell definition.
Call to undefined subcircuit ncell_bsw
Creating placeholder cell definition.
Call to undefined subcircuit inv_bsw
Creating placeholder cell definition.
Call to undefined subcircuit sky130_fd_pr__nfet_01v8
Creating placeholder cell definition.
Call to undefined subcircuit sky130_fd_pr__pfet_01v8
Creating placeholder cell definition.
Call to undefined subcircuit sky130_fd_pr__cap_mim_m3_1
Creating placeholder cell definition.
