
Circuit 1 cell sky130_fd_pr__pfet_01v8 and Circuit 2 cell sky130_fd_pr__pfet_01v8 are black boxes.
Warning: Equate pins:  cell sky130_fd_pr__pfet_01v8 is a placeholder, treated as a black box.
Warning: Equate pins:  cell sky130_fd_pr__pfet_01v8 is a placeholder, treated as a black box.

Subcircuit pins:
Circuit 1: sky130_fd_pr__pfet_01v8         |Circuit 2: sky130_fd_pr__pfet_01v8         
-------------------------------------------|-------------------------------------------
1                                          |1                                          
2                                          |2                                          
3                                          |3                                          
---------------------------------------------------------------------------------------
Cell pin lists are equivalent.
Device classes sky130_fd_pr__pfet_01v8 and sky130_fd_pr__pfet_01v8 are equivalent.

Circuit 1 cell sky130_fd_pr__nfet_01v8 and Circuit 2 cell sky130_fd_pr__nfet_01v8 are black boxes.
Warning: Equate pins:  cell sky130_fd_pr__nfet_01v8 is a placeholder, treated as a black box.
Warning: Equate pins:  cell sky130_fd_pr__nfet_01v8 is a placeholder, treated as a black box.

Subcircuit pins:
Circuit 1: sky130_fd_pr__nfet_01v8         |Circuit 2: sky130_fd_pr__nfet_01v8         
-------------------------------------------|-------------------------------------------
1                                          |1                                          
2                                          |2                                          
3                                          |3                                          
---------------------------------------------------------------------------------------
Cell pin lists are equivalent.
Device classes sky130_fd_pr__nfet_01v8 and sky130_fd_pr__nfet_01v8 are equivalent.

Circuit 1 cell sky130_fd_pr__pfet_01v8_hvt and Circuit 2 cell sky130_fd_pr__pfet_01v8_hvt are black boxes.
Warning: Equate pins:  cell sky130_fd_pr__pfet_01v8_hvt is a placeholder, treated as a black box.
Warning: Equate pins:  cell sky130_fd_pr__pfet_01v8_hvt is a placeholder, treated as a black box.

Subcircuit pins:
Circuit 1: sky130_fd_pr__pfet_01v8_hvt     |Circuit 2: sky130_fd_pr__pfet_01v8_hvt     
-------------------------------------------|-------------------------------------------
1                                          |1                                          
2                                          |2                                          
3                                          |3                                          
4                                          |4                                          
---------------------------------------------------------------------------------------
Cell pin lists are equivalent.
Device classes sky130_fd_pr__pfet_01v8_hvt and sky130_fd_pr__pfet_01v8_hvt are equivalent.

Cell sky130_fd_sc_hd__nand2_1 (1) disconnected node: VNB
Subcircuit summary:
Circuit 1: sky130_fd_sc_hd__nand2_1        |Circuit 2: sky130_fd_sc_hd__nand2_1        
-------------------------------------------|-------------------------------------------
sky130_fd_pr__pfet_01v8_hvt (2)            |sky130_fd_pr__pfet_01v8_hvt (2)            
sky130_fd_pr__nfet_01v8 (2)                |sky130_fd_pr__nfet_01v8 (2)                
Number of devices: 4                       |Number of devices: 4                       
Number of nets: 8 **Mismatch**             |Number of nets: 9 **Mismatch**             
---------------------------------------------------------------------------------------
NET mismatches: Class fragments follow (with fanout counts):
Circuit 1: sky130_fd_sc_hd__nand2_1        |Circuit 2: sky130_fd_sc_hd__nand2_1        

---------------------------------------------------------------------------------------
Net: VNB                                   |Net: dummy_8                               
  sky130_fd_pr__nfet_01v8/4 = 2            |  sky130_fd_pr__nfet_01v8/proxy4 = 1       
                                           |                                           
(no matching net)                          |Net: dummy_9                               
                                           |  sky130_fd_pr__nfet_01v8/proxy4 = 1       
---------------------------------------------------------------------------------------
Netlists do not match.
Port matching may fail to disambiguate symmetries.
  Flattening non-matched subcircuits sky130_fd_sc_hd__nand2_1 sky130_fd_sc_hd__nand2_1
Flattening unmatched subcell sky130_fd_pr__pfet_01v8_R8XU9D in circuit phase_detector (0)(6 instances)
Flattening unmatched subcell sky130_fd_pr__nfet_01v8_TGNW9T in circuit phase_detector (0)(4 instances)

Subcircuit summary:
Circuit 1: phase_detector                  |Circuit 2: phase_detector                  
-------------------------------------------|-------------------------------------------
sky130_fd_pr__pfet_01v8 (6)                |sky130_fd_pr__pfet_01v8 (6)                
sky130_fd_pr__nfet_01v8 (8)                |sky130_fd_pr__nfet_01v8 (8)                
sky130_fd_pr__pfet_01v8_hvt (4)            |sky130_fd_pr__pfet_01v8_hvt (4)            
Number of devices: 18                      |Number of devices: 18                      
Number of nets: 14 **Mismatch**            |Number of nets: 28 **Mismatch**            
---------------------------------------------------------------------------------------
NET mismatches: Class fragments follow (with fanout counts):
Circuit 1: phase_detector                  |Circuit 2: phase_detector                  

---------------------------------------------------------------------------------------
Net: VDDA                                  |Net: VSSA                                  
  sky130_fd_pr__pfet_01v8/(1|3) = 4        |  sky130_fd_pr__nfet_01v8/(1|3) = 4        
  sky130_fd_pr__pfet_01v8/4 = 6            |                                           
  sky130_fd_pr__pfet_01v8_hvt/(1|3) = 4    |                                           
  sky130_fd_pr__pfet_01v8_hvt/4 = 4        |                                           
                                           |                                           
(no matching net)                          |Net: dummy_13                              
                                           |  sky130_fd_pr__pfet_01v8/proxy4 = 1       
                                           |                                           
(no matching net)                          |Net: dummy_15                              
                                           |  sky130_fd_pr__pfet_01v8/proxy4 = 1       
                                           |                                           
(no matching net)                          |Net: dummy_14                              
                                           |  sky130_fd_pr__pfet_01v8/proxy4 = 1       
                                           |                                           
(no matching net)                          |Net: dummy_16                              
                                           |  sky130_fd_pr__pfet_01v8/proxy4 = 1       
                                           |                                           
(no matching net)                          |Net: dummy_17                              
                                           |  sky130_fd_pr__pfet_01v8/proxy4 = 1       
                                           |                                           
(no matching net)                          |Net: dummy_18                              
                                           |  sky130_fd_pr__pfet_01v8/proxy4 = 1       
                                           |                                           
(no matching net)                          |Net: dummy_19                              
                                           |  sky130_fd_pr__nfet_01v8/proxy4 = 1       
                                           |                                           
(no matching net)                          |Net: dummy_21                              
                                           |  sky130_fd_pr__nfet_01v8/proxy4 = 1       
                                           |                                           
(no matching net)                          |Net: dummy_20                              
                                           |  sky130_fd_pr__nfet_01v8/proxy4 = 1       
                                           |                                           
(no matching net)                          |Net: dummy_22                              
                                           |  sky130_fd_pr__nfet_01v8/proxy4 = 1       
                                           |                                           
(no matching net)                          |Net: sky130_fd_sc_hd__nand2_1:1/dummy_8    
                                           |  sky130_fd_pr__nfet_01v8/proxy4 = 1       
                                           |                                           
(no matching net)                          |Net: sky130_fd_sc_hd__nand2_1:1/dummy_9    
                                           |  sky130_fd_pr__nfet_01v8/proxy4 = 1       
                                           |                                           
(no matching net)                          |Net: sky130_fd_sc_hd__nand2_1:2/dummy_8    
                                           |  sky130_fd_pr__nfet_01v8/proxy4 = 1       
                                           |                                           
(no matching net)                          |Net: sky130_fd_sc_hd__nand2_1:2/dummy_9    
                                           |  sky130_fd_pr__nfet_01v8/proxy4 = 1       
---------------------------------------------------------------------------------------

---------------------------------------------------------------------------------------
Net: OUT                                   |Net: OUT                                   
  sky130_fd_pr__pfet_01v8_hvt/(1|3) = 2    |  sky130_fd_pr__pfet_01v8_hvt/(1|3) = 2    
  sky130_fd_pr__nfet_01v8/(1|3) = 1        |  sky130_fd_pr__nfet_01v8/(1|3) = 1        
  sky130_fd_pr__nfet_01v8/2 = 1            |  sky130_fd_pr__nfet_01v8/2 = 1            
  sky130_fd_pr__pfet_01v8_hvt/2 = 1        |  sky130_fd_pr__pfet_01v8_hvt/2 = 1        
                                           |                                           
Net: OUTN                                  |Net: OUTN                                  
  sky130_fd_pr__pfet_01v8_hvt/2 = 1        |  sky130_fd_pr__pfet_01v8_hvt/2 = 1        
  sky130_fd_pr__nfet_01v8/2 = 1            |  sky130_fd_pr__nfet_01v8/2 = 1            
  sky130_fd_pr__pfet_01v8_hvt/(1|3) = 2    |  sky130_fd_pr__pfet_01v8_hvt/(1|3) = 2    
  sky130_fd_pr__nfet_01v8/(1|3) = 1        |  sky130_fd_pr__nfet_01v8/(1|3) = 1        
---------------------------------------------------------------------------------------

---------------------------------------------------------------------------------------
Net: VSSA                                  |Net: VDDA                                  
  sky130_fd_pr__nfet_01v8/4 = 8            |  sky130_fd_pr__pfet_01v8_hvt/(1|3) = 4    
  sky130_fd_pr__nfet_01v8/(1|3) = 4        |  sky130_fd_pr__pfet_01v8_hvt/4 = 4        
                                           |  sky130_fd_pr__pfet_01v8/(1|3) = 4        
---------------------------------------------------------------------------------------

---------------------------------------------------------------------------------------
Net: sky130_fd_sc_hd__nand2_1_1/A          |Net: net5                                  
  sky130_fd_pr__pfet_01v8/(1|3) = 2        |  sky130_fd_pr__pfet_01v8_hvt/2 = 1        
  sky130_fd_pr__pfet_01v8/2 = 1            |  sky130_fd_pr__nfet_01v8/2 = 2            
  sky130_fd_pr__nfet_01v8/2 = 2            |  sky130_fd_pr__pfet_01v8/(1|3) = 2        
  sky130_fd_pr__nfet_01v8/(1|3) = 1        |  sky130_fd_pr__pfet_01v8/2 = 1            
  sky130_fd_pr__pfet_01v8_hvt/2 = 1        |  sky130_fd_pr__nfet_01v8/(1|3) = 1        
                                           |                                           
Net: sky130_fd_sc_hd__nand2_1_0/B          |Net: net3                                  
  sky130_fd_pr__pfet_01v8/(1|3) = 2        |  sky130_fd_pr__pfet_01v8_hvt/2 = 1        
  sky130_fd_pr__nfet_01v8/(1|3) = 1        |  sky130_fd_pr__nfet_01v8/2 = 2            
  sky130_fd_pr__pfet_01v8/2 = 1            |  sky130_fd_pr__pfet_01v8/(1|3) = 2        
  sky130_fd_pr__nfet_01v8/2 = 2            |  sky130_fd_pr__nfet_01v8/(1|3) = 1        
  sky130_fd_pr__pfet_01v8_hvt/2 = 1        |  sky130_fd_pr__pfet_01v8/2 = 1            
---------------------------------------------------------------------------------------

---------------------------------------------------------------------------------------
Net: /sky130_fd_sc_hd__nand2_1_1/a_113_47# |Net: sky130_fd_sc_hd__nand2_1:2/a_113_47#  
  sky130_fd_pr__nfet_01v8/(1|3) = 2        |  sky130_fd_pr__nfet_01v8/(1|3) = 2        
                                           |                                           
Net: /sky130_fd_sc_hd__nand2_1_0/a_113_47# |Net: sky130_fd_sc_hd__nand2_1:1/a_113_47#  
  sky130_fd_pr__nfet_01v8/(1|3) = 2        |  sky130_fd_pr__nfet_01v8/(1|3) = 2        
                                           |                                           
Net: m1_1302_412#                          |Net: net6                                  
  sky130_fd_pr__nfet_01v8/(1|3) = 2        |  sky130_fd_pr__nfet_01v8/(1|3) = 2        
                                           |                                           
Net: m1_n814_412#                          |Net: net4                                  
  sky130_fd_pr__nfet_01v8/(1|3) = 2        |  sky130_fd_pr__nfet_01v8/(1|3) = 2        
                                           |                                           
Net: m1_1443_1466#                         |Net: net2                                  
  sky130_fd_pr__pfet_01v8/(1|3) = 2        |  sky130_fd_pr__pfet_01v8/(1|3) = 2        
                                           |                                           
Net: m1_n955_1466#                         |Net: net1                                  
  sky130_fd_pr__pfet_01v8/(1|3) = 2        |  sky130_fd_pr__pfet_01v8/(1|3) = 2        
---------------------------------------------------------------------------------------

---------------------------------------------------------------------------------------
Net: INP                                   |Net: INP                                   
  sky130_fd_pr__pfet_01v8/2 = 2            |  sky130_fd_pr__pfet_01v8/2 = 2            
  sky130_fd_pr__nfet_01v8/2 = 1            |  sky130_fd_pr__nfet_01v8/2 = 1            
                                           |                                           
Net: INN                                   |Net: INN                                   
  sky130_fd_pr__pfet_01v8/2 = 2            |  sky130_fd_pr__pfet_01v8/2 = 2            
  sky130_fd_pr__nfet_01v8/2 = 1            |  sky130_fd_pr__nfet_01v8/2 = 1            
---------------------------------------------------------------------------------------
DEVICE mismatches: Class fragments follow (with node fanout counts):
Circuit 1: phase_detector                  |Circuit 2: phase_detector                  

---------------------------------------------------------------------------------------
Instance: sky130_fd_sc_hd__nand2_1_1/sky13 |Instance: sky130_fd_sc_hd__nand2_1:2/sky13 
  (1,3) = (18,5)                           |  (1,3) = (12,5)                           
  2 = 5                                    |  2 = 5                                    
  4 = 18                                   |  4 = 12                                   
                                           |                                           
Instance: sky130_fd_sc_hd__nand2_1_0/sky13 |Instance: sky130_fd_sc_hd__nand2_1:1/sky13 
  (1,3) = (18,5)                           |  (1,3) = (12,5)                           
  2 = 5                                    |  2 = 5                                    
  4 = 18                                   |  4 = 12                                   
                                           |                                           
Instance: sky130_fd_sc_hd__nand2_1_1/sky13 |Instance: sky130_fd_sc_hd__nand2_1:2/sky13 
  (1,3) = (18,5)                           |  (1,3) = (12,5)                           
  2 = 7                                    |  2 = 7                                    
  4 = 18                                   |  4 = 12                                   
                                           |                                           
Instance: sky130_fd_sc_hd__nand2_1_0/sky13 |Instance: sky130_fd_sc_hd__nand2_1:1/sky13 
  (1,3) = (18,5)                           |  (1,3) = (12,5)                           
  2 = 7                                    |  2 = 7                                    
  4 = 18                                   |  4 = 12                                   
---------------------------------------------------------------------------------------

---------------------------------------------------------------------------------------
Instance: sky130_fd_pr__nfet_01v8_TGNW9T:X |Instance: sky130_fd_pr__nfet_01v8:M10      
  (1,3) = (12,2)                           |  (1,3) = (4,2)                            
  2 = 3                                    |  2 = 3                                    
  4 = 12                                   |  proxy4 = 1                               
                                           |                                           
Instance: sky130_fd_pr__nfet_01v8_TGNW9T:X |Instance: sky130_fd_pr__nfet_01v8:M7       
  (1,3) = (12,2)                           |  (1,3) = (4,2)                            
  2 = 3                                    |  2 = 3                                    
  4 = 12                                   |  proxy4 = 1                               
                                           |                                           
Instance: sky130_fd_sc_hd__nand2_1_1/sky13 |Instance: sky130_fd_pr__nfet_01v8:M9       
  (1,3) = (12,2)                           |  (1,3) = (7,2)                            
  2 = 5                                    |  2 = 7                                    
  4 = 12                                   |  proxy4 = 1                               
                                           |                                           
Instance: sky130_fd_sc_hd__nand2_1_1/sky13 |Instance: sky130_fd_pr__nfet_01v8:M6       
  (1,3) = (5,2)                            |  (1,3) = (7,2)                            
  2 = 7                                    |  2 = 7                                    
  4 = 12                                   |  proxy4 = 1                               
                                           |                                           
Instance: sky130_fd_sc_hd__nand2_1_0/sky13 |Instance: sky130_fd_sc_hd__nand2_1:2/sky13 
  (1,3) = (12,2)                           |  (1,3) = (5,2)                            
  2 = 7                                    |  2 = 7                                    
  4 = 12                                   |  proxy4 = 1                               
                                           |                                           
Instance: sky130_fd_sc_hd__nand2_1_0/sky13 |Instance: sky130_fd_sc_hd__nand2_1:2/sky13 
  (1,3) = (5,2)                            |  (1,3) = (4,2)                            
  2 = 5                                    |  2 = 5                                    
  4 = 12                                   |  proxy4 = 1                               
                                           |                                           
Instance: sky130_fd_pr__nfet_01v8_TGNW9T:X |Instance: sky130_fd_sc_hd__nand2_1:1/sky13 
  (1,3) = (7,2)                            |  (1,3) = (5,2)                            
  2 = 7                                    |  2 = 5                                    
  4 = 12                                   |  proxy4 = 1                               
                                           |                                           
Instance: sky130_fd_pr__nfet_01v8_TGNW9T:X |Instance: sky130_fd_sc_hd__nand2_1:1/sky13 
  (1,3) = (7,2)                            |  (1,3) = (4,2)                            
  2 = 7                                    |  2 = 7                                    
  4 = 12                                   |  proxy4 = 1                               
---------------------------------------------------------------------------------------

---------------------------------------------------------------------------------------
Instance: sky130_fd_pr__pfet_01v8_R8XU9D:X |Instance: sky130_fd_pr__pfet_01v8:M8       
  (1,3) = (18,7)                           |  (1,3) = (12,7)                           
  2 = 7                                    |  2 = 7                                    
  4 = 18                                   |  proxy4 = 1                               
                                           |                                           
Instance: sky130_fd_pr__pfet_01v8_R8XU9D:X |Instance: sky130_fd_pr__pfet_01v8:M5       
  (1,3) = (18,7)                           |  (1,3) = (12,7)                           
  2 = 7                                    |  2 = 7                                    
  4 = 18                                   |  proxy4 = 1                               
                                           |                                           
Instance: sky130_fd_pr__pfet_01v8_R8XU9D:X |Instance: sky130_fd_pr__pfet_01v8:M3       
  (1,3) = (18,2)                           |  (1,3) = (12,2)                           
  2 = 3                                    |  2 = 3                                    
  4 = 18                                   |  proxy4 = 1                               
                                           |                                           
Instance: sky130_fd_pr__pfet_01v8_R8XU9D:X |Instance: sky130_fd_pr__pfet_01v8:M1       
  (1,3) = (18,2)                           |  (1,3) = (12,2)                           
  2 = 3                                    |  2 = 3                                    
  4 = 18                                   |  proxy4 = 1                               
---------------------------------------------------------------------------------------
Netlists do not match.
Port matching may fail to disambiguate symmetries.

Subcircuit pins:
Circuit 1: phase_detector                  |Circuit 2: phase_detector                  
-------------------------------------------|-------------------------------------------
VDDA                                       |VSSA **Mismatch**                          
OUT                                        |OUT                                        
OUTN                                       |OUTN                                       
VSSA                                       |VDDA **Mismatch**                          
INP                                        |INP                                        
INN                                        |INN                                        
---------------------------------------------------------------------------------------
Cell pin lists for phase_detector and phase_detector altered to match.
Device classes phase_detector and phase_detector are equivalent.

Final result: Top level cell failed pin matching.
