
Circuit 2 cell sky130_fd_sc_hd__nand2_1 is a black box; will not flatten Circuit 1
Equate elements:  no current cell.
Device classes sky130_fd_sc_hd__nand2_1 and sky130_fd_sc_hd__nand2_1 are equivalent.

Circuit 2 cell sky130_fd_sc_hd__inv_1 is a black box; will not flatten Circuit 1
Equate elements:  no current cell.
Device classes sky130_fd_sc_hd__inv_1 and sky130_fd_sc_hd__inv_1 are equivalent.

Circuit 2 cell sky130_fd_sc_hd__inv_4 is a black box; will not flatten Circuit 1
Class sky130_fd_sc_hd__inv_4 (0):  Merged 6 parallel devices.
Equate elements:  no current cell.
Device classes sky130_fd_sc_hd__inv_4 and sky130_fd_sc_hd__inv_4 are equivalent.

Circuit 2 cell sky130_fd_sc_hd__inv_8 is a black box; will not flatten Circuit 1
Class sky130_fd_sc_hd__inv_8 (0):  Merged 14 parallel devices.
Equate elements:  no current cell.
Device classes sky130_fd_sc_hd__inv_8 and sky130_fd_sc_hd__inv_8 are equivalent.

Subcircuit summary:
Circuit 1: nooverlap_clk                   |Circuit 2: nooverlap_clk_xschem.spice      
-------------------------------------------|-------------------------------------------
sky130_fd_sc_hd__nand2_1 (2)               |sky130_fd_sc_hd__nand2_1 (2)               
sky130_fd_sc_hd__inv_1 (5)                 |sky130_fd_sc_hd__inv_1 (5)                 
sky130_fd_sc_hd__inv_4 (2)                 |sky130_fd_sc_hd__inv_4 (2)                 
sky130_fd_sc_hd__inv_8 (4)                 |sky130_fd_sc_hd__inv_8 (4)                 
Number of devices: 13                      |Number of devices: 13                      
Number of nets: 16                         |Number of nets: 16                         
---------------------------------------------------------------------------------------
Netlists match uniquely with port errors.

Subcircuit pins:
Circuit 1: nooverlap_clk                   |Circuit 2: nooverlap_clk_xschem.spice      
-------------------------------------------|-------------------------------------------
clk1                                       |(no matching pin)                          
clk0                                       |(no matching pin)                          
vssa                                       |(no matching pin)                          
vdda                                       |(no matching pin)                          
in                                         |(no matching pin)                          
clkb0                                      |(no matching pin)                          
clkb1                                      |(no matching pin)                          
vdda                                       |(no matching pin)                          
in                                         |(no matching pin)                          
vssa                                       |(no matching pin)                          
clk0                                       |(no matching pin)                          
clkb0                                      |(no matching pin)                          
clk1                                       |(no matching pin)                          
clkb1                                      |(no matching pin)                          
---------------------------------------------------------------------------------------
Cell pin lists for nooverlap_clk and nooverlap_clk_xschem.spice altered to match.
Device classes nooverlap_clk and nooverlap_clk_xschem.spice are equivalent.

Final result: Top level cell failed pin matching.
