Flattening unmatched subcell nooverlap_clk in circuit cdac_sw_1 (0)(1 instance)
Flattening unmatched subcell sky130_fd_sc_hd__nand2_1 in circuit cdac_sw_1 (0)(2 instances)
Flattening unmatched subcell sky130_fd_sc_hd__inv_1 in circuit cdac_sw_1 (0)(5 instances)
Flattening unmatched subcell sky130_fd_sc_hd__inv_4 in circuit cdac_sw_1 (0)(2 instances)
Flattening unmatched subcell sky130_fd_sc_hd__inv_8 in circuit cdac_sw_1 (0)(4 instances)
Flattening unmatched subcell tg_sw_1 in circuit cdac_sw_1 (0)(1 instance)
Flattening unmatched subcell sky130_fd_pr__pfet_01v8_TMYSY6 in circuit cdac_sw_1 (0)(1 instance)
Flattening unmatched subcell sky130_fd_pr__nfet_01v8_SMGLWN in circuit cdac_sw_1 (0)(1 instance)
Flattening unmatched subcell dac_sw_1 in circuit cdac_sw_1 (0)(1 instance)
Flattening unmatched subcell sky130_fd_pr__pfet_01v8_TMYSY6 in circuit cdac_sw_1 (0)(2 instances)
Flattening unmatched subcell sky130_fd_pr__nfet_01v8_SMGLWN in circuit cdac_sw_1 (0)(2 instances)

Cell cdac_sw_1 (1) disconnected node: vdda
Cell cdac_sw_1 (1) disconnected node: cki
Cell cdac_sw_1 (1) disconnected node: bi
Cell cdac_sw_1 (1) disconnected node: vcm
Cell cdac_sw_1 (1) disconnected node: vssa
Cell cdac_sw_1 (1) disconnected node: dac_out
Class cdac_sw_1 (0):  Merged 68 parallel devices.

Subcircuit pins:
Circuit 1: cdac_sw_1                       |Circuit 2: cdac_sw_1                       
-------------------------------------------|-------------------------------------------
vdda                                       |vdda                                       
cki                                        |cki                                        
bi                                         |bi                                         
vcm                                        |vcm                                        
vssa                                       |vssa                                       
dac_out                                    |dac_out                                    
---------------------------------------------------------------------------------------
Cell pin lists are equivalent.
Device classes cdac_sw_1 and cdac_sw_1 are equivalent.

Final result: Verify:  cell /home/mthudaa/Documents/UNIC-CASS-TSAR-ADC-ITS/mag/cdac_sw_1.sch.spc has no elements and/or nodes.  Not checked.
