
Circuit 1 cell sky130_fd_pr__pfet_01v8_hvt and Circuit 2 cell sky130_fd_pr__pfet_01v8_hvt are black boxes.
Warning: Equate pins:  cell sky130_fd_pr__pfet_01v8_hvt is a placeholder, treated as a black box.
Warning: Equate pins:  cell sky130_fd_pr__pfet_01v8_hvt is a placeholder, treated as a black box.

Subcircuit pins:
Circuit 1: sky130_fd_pr__pfet_01v8_hvt     |Circuit 2: sky130_fd_pr__pfet_01v8_hvt     
-------------------------------------------|-------------------------------------------
1                                          |1                                          
2                                          |2                                          
3                                          |3                                          
4                                          |4                                          
---------------------------------------------------------------------------------------
Cell pin lists are equivalent.
Device classes sky130_fd_pr__pfet_01v8_hvt and sky130_fd_pr__pfet_01v8_hvt are equivalent.

Circuit 1 cell sky130_fd_pr__nfet_01v8 and Circuit 2 cell sky130_fd_pr__nfet_01v8 are black boxes.
Warning: Equate pins:  cell sky130_fd_pr__nfet_01v8 is a placeholder, treated as a black box.
Warning: Equate pins:  cell sky130_fd_pr__nfet_01v8 is a placeholder, treated as a black box.

Subcircuit pins:
Circuit 1: sky130_fd_pr__nfet_01v8         |Circuit 2: sky130_fd_pr__nfet_01v8         
-------------------------------------------|-------------------------------------------
1                                          |1                                          
2                                          |2                                          
3                                          |3                                          
4                                          |4                                          
---------------------------------------------------------------------------------------
Cell pin lists are equivalent.
Device classes sky130_fd_pr__nfet_01v8 and sky130_fd_pr__nfet_01v8 are equivalent.

Circuit 1 cell sky130_fd_pr__special_nfet_01v8 and Circuit 2 cell sky130_fd_pr__special_nfet_01v8 are black boxes.
Warning: Equate pins:  cell sky130_fd_pr__special_nfet_01v8 is a placeholder, treated as a black box.
Warning: Equate pins:  cell sky130_fd_pr__special_nfet_01v8 is a placeholder, treated as a black box.

Subcircuit pins:
Circuit 1: sky130_fd_pr__special_nfet_01v8 |Circuit 2: sky130_fd_pr__special_nfet_01v8 
-------------------------------------------|-------------------------------------------
1                                          |1                                          
2                                          |2                                          
3                                          |3                                          
4                                          |4                                          
---------------------------------------------------------------------------------------
Cell pin lists are equivalent.
Device classes sky130_fd_pr__special_nfet_01v8 and sky130_fd_pr__special_nfet_01v8 are equivalent.

Subcircuit summary:
Circuit 1: sky130_fd_sc_hd__and2_1         |Circuit 2: sky130_fd_sc_hd__and2_1         
-------------------------------------------|-------------------------------------------
sky130_fd_pr__pfet_01v8_hvt (3)            |sky130_fd_pr__pfet_01v8_hvt (3)            
sky130_fd_pr__nfet_01v8 (3)                |sky130_fd_pr__nfet_01v8 (3)                
Number of devices: 6                       |Number of devices: 6                       
Number of nets: 9                          |Number of nets: 9                          
---------------------------------------------------------------------------------------
Netlists match uniquely.

Subcircuit pins:
Circuit 1: sky130_fd_sc_hd__and2_1         |Circuit 2: sky130_fd_sc_hd__and2_1         
-------------------------------------------|-------------------------------------------
VGND                                       |VGND                                       
X                                          |X                                          
A                                          |A                                          
B                                          |B                                          
VNB                                        |VNB                                        
VPWR                                       |VPWR                                       
VPB                                        |VPB                                        
---------------------------------------------------------------------------------------
Cell pin lists are equivalent.
Device classes sky130_fd_sc_hd__and2_1 and sky130_fd_sc_hd__and2_1 are equivalent.

Class sky130_fd_sc_hd__dfrtp_2 (0):  Merged 2 parallel devices.
Class sky130_fd_sc_hd__dfrtp_2 (1):  Merged 2 parallel devices.
Subcircuit summary:
Circuit 1: sky130_fd_sc_hd__dfrtp_2        |Circuit 2: sky130_fd_sc_hd__dfrtp_2        
-------------------------------------------|-------------------------------------------
sky130_fd_pr__nfet_01v8 (11->10)           |sky130_fd_pr__nfet_01v8 (11->10)           
sky130_fd_pr__special_nfet_01v8 (4)        |sky130_fd_pr__special_nfet_01v8 (4)        
sky130_fd_pr__pfet_01v8_hvt (15->14)       |sky130_fd_pr__pfet_01v8_hvt (15->14)       
Number of devices: 28                      |Number of devices: 28                      
Number of nets: 21                         |Number of nets: 21                         
---------------------------------------------------------------------------------------
Netlists match uniquely.

Subcircuit pins:
Circuit 1: sky130_fd_sc_hd__dfrtp_2        |Circuit 2: sky130_fd_sc_hd__dfrtp_2        
-------------------------------------------|-------------------------------------------
RESET_B                                    |RESET_B                                    
VPWR                                       |VPWR                                       
VGND                                       |VGND                                       
VPB                                        |VPB                                        
VNB                                        |VNB                                        
Q                                          |Q                                          
D                                          |D                                          
CLK                                        |CLK                                        
---------------------------------------------------------------------------------------
Cell pin lists are equivalent.
Device classes sky130_fd_sc_hd__dfrtp_2 and sky130_fd_sc_hd__dfrtp_2 are equivalent.

Class sky130_fd_sc_hd__buf_8 (0):  Merged 18 parallel devices.
Class sky130_fd_sc_hd__buf_8 (1):  Merged 18 parallel devices.
Subcircuit summary:
Circuit 1: sky130_fd_sc_hd__buf_8          |Circuit 2: sky130_fd_sc_hd__buf_8          
-------------------------------------------|-------------------------------------------
sky130_fd_pr__nfet_01v8 (11->2)            |sky130_fd_pr__nfet_01v8 (11->2)            
sky130_fd_pr__pfet_01v8_hvt (11->2)        |sky130_fd_pr__pfet_01v8_hvt (11->2)        
Number of devices: 4                       |Number of devices: 4                       
Number of nets: 7                          |Number of nets: 7                          
---------------------------------------------------------------------------------------
Netlists match uniquely.

Subcircuit pins:
Circuit 1: sky130_fd_sc_hd__buf_8          |Circuit 2: sky130_fd_sc_hd__buf_8          
-------------------------------------------|-------------------------------------------
X                                          |X                                          
VGND                                       |VGND                                       
VNB                                        |VNB                                        
VPWR                                       |VPWR                                       
VPB                                        |VPB                                        
A                                          |A                                          
---------------------------------------------------------------------------------------
Cell pin lists are equivalent.
Device classes sky130_fd_sc_hd__buf_8 and sky130_fd_sc_hd__buf_8 are equivalent.

Subcircuit summary:
Circuit 1: sky130_fd_sc_hd__inv_1          |Circuit 2: sky130_fd_sc_hd__inv_1          
-------------------------------------------|-------------------------------------------
sky130_fd_pr__nfet_01v8 (1)                |sky130_fd_pr__nfet_01v8 (1)                
sky130_fd_pr__pfet_01v8_hvt (1)            |sky130_fd_pr__pfet_01v8_hvt (1)            
Number of devices: 2                       |Number of devices: 2                       
Number of nets: 6                          |Number of nets: 6                          
---------------------------------------------------------------------------------------
Netlists match uniquely.

Subcircuit pins:
Circuit 1: sky130_fd_sc_hd__inv_1          |Circuit 2: sky130_fd_sc_hd__inv_1          
-------------------------------------------|-------------------------------------------
VGND                                       |VGND                                       
VNB                                        |VNB                                        
VPWR                                       |VPWR                                       
VPB                                        |VPB                                        
A                                          |A                                          
Y                                          |Y                                          
---------------------------------------------------------------------------------------
Cell pin lists are equivalent.
Device classes sky130_fd_sc_hd__inv_1 and sky130_fd_sc_hd__inv_1 are equivalent.

Class sky130_fd_sc_hd__inv_2 (0):  Merged 2 parallel devices.
Class sky130_fd_sc_hd__inv_2 (1):  Merged 2 parallel devices.
Subcircuit summary:
Circuit 1: sky130_fd_sc_hd__inv_2          |Circuit 2: sky130_fd_sc_hd__inv_2          
-------------------------------------------|-------------------------------------------
sky130_fd_pr__pfet_01v8_hvt (2->1)         |sky130_fd_pr__pfet_01v8_hvt (2->1)         
sky130_fd_pr__nfet_01v8 (2->1)             |sky130_fd_pr__nfet_01v8 (2->1)             
Number of devices: 2                       |Number of devices: 2                       
Number of nets: 6                          |Number of nets: 6                          
---------------------------------------------------------------------------------------
Netlists match uniquely.

Subcircuit pins:
Circuit 1: sky130_fd_sc_hd__inv_2          |Circuit 2: sky130_fd_sc_hd__inv_2          
-------------------------------------------|-------------------------------------------
VGND                                       |VGND                                       
VNB                                        |VNB                                        
VPWR                                       |VPWR                                       
VPB                                        |VPB                                        
Y                                          |Y                                          
A                                          |A                                          
---------------------------------------------------------------------------------------
Cell pin lists are equivalent.
Device classes sky130_fd_sc_hd__inv_2 and sky130_fd_sc_hd__inv_2 are equivalent.

Class sky130_fd_sc_hd__inv_4 (0):  Merged 6 parallel devices.
Class sky130_fd_sc_hd__inv_4 (1):  Merged 6 parallel devices.
Subcircuit summary:
Circuit 1: sky130_fd_sc_hd__inv_4          |Circuit 2: sky130_fd_sc_hd__inv_4          
-------------------------------------------|-------------------------------------------
sky130_fd_pr__pfet_01v8_hvt (4->1)         |sky130_fd_pr__pfet_01v8_hvt (4->1)         
sky130_fd_pr__nfet_01v8 (4->1)             |sky130_fd_pr__nfet_01v8 (4->1)             
Number of devices: 2                       |Number of devices: 2                       
Number of nets: 6                          |Number of nets: 6                          
---------------------------------------------------------------------------------------
Netlists match uniquely.

Subcircuit pins:
Circuit 1: sky130_fd_sc_hd__inv_4          |Circuit 2: sky130_fd_sc_hd__inv_4          
-------------------------------------------|-------------------------------------------
Y                                          |Y                                          
A                                          |A                                          
VGND                                       |VGND                                       
VNB                                        |VNB                                        
VPWR                                       |VPWR                                       
VPB                                        |VPB                                        
---------------------------------------------------------------------------------------
Cell pin lists are equivalent.
Device classes sky130_fd_sc_hd__inv_4 and sky130_fd_sc_hd__inv_4 are equivalent.

Class sky130_fd_sc_hd__inv_8 (0):  Merged 14 parallel devices.
Class sky130_fd_sc_hd__inv_8 (1):  Merged 14 parallel devices.
Subcircuit summary:
Circuit 1: sky130_fd_sc_hd__inv_8          |Circuit 2: sky130_fd_sc_hd__inv_8          
-------------------------------------------|-------------------------------------------
sky130_fd_pr__pfet_01v8_hvt (8->1)         |sky130_fd_pr__pfet_01v8_hvt (8->1)         
sky130_fd_pr__nfet_01v8 (8->1)             |sky130_fd_pr__nfet_01v8 (8->1)             
Number of devices: 2                       |Number of devices: 2                       
Number of nets: 6                          |Number of nets: 6                          
---------------------------------------------------------------------------------------
Netlists match uniquely.

Subcircuit pins:
Circuit 1: sky130_fd_sc_hd__inv_8          |Circuit 2: sky130_fd_sc_hd__inv_8          
-------------------------------------------|-------------------------------------------
A                                          |A                                          
Y                                          |Y                                          
VGND                                       |VGND                                       
VNB                                        |VNB                                        
VPWR                                       |VPWR                                       
VPB                                        |VPB                                        
---------------------------------------------------------------------------------------
Cell pin lists are equivalent.
Device classes sky130_fd_sc_hd__inv_8 and sky130_fd_sc_hd__inv_8 are equivalent.
Flattening unmatched subcell and_latch in circuit out_latch (0)(2 instances)
Flattening unmatched subcell flip_flop_5_latch in circuit out_latch (0)(2 instances)

Subcircuit summary:
Circuit 1: out_latch                       |Circuit 2: out_latch                       
-------------------------------------------|-------------------------------------------
sky130_fd_sc_hd__and2_1 (2)                |sky130_fd_sc_hd__and2_1 (2)                
sky130_fd_sc_hd__dfrtp_2 (10)              |sky130_fd_sc_hd__dfrtp_2 (10)              
Number of devices: 12                      |Number of devices: 12                      
Number of nets: 26                         |Number of nets: 26                         
---------------------------------------------------------------------------------------
Resolving symmetries by property value.
Resolving symmetries by pin name.
Netlists match with 1 symmetry.

Subcircuit pins:
Circuit 1: out_latch                       |Circuit 2: out_latch                       
-------------------------------------------|-------------------------------------------
EN                                         |EN                                         
SWP[2]                                     |SWP[2]                                     
SWP[0]                                     |SWP[0]                                     
SWP[6]                                     |SWP[6]                                     
SWP[4]                                     |SWP[4]                                     
SWP[8]                                     |SWP[8]                                     
SWP[7]                                     |SWP[7]                                     
SWP[9]                                     |SWP[9]                                     
SWP[3]                                     |SWP[3]                                     
SWP[5]                                     |SWP[5]                                     
SWP[1]                                     |SWP[1]                                     
DOUT[8]                                    |DOUT[8]                                    
DOUT[0]                                    |DOUT[0]                                    
DOUT[2]                                    |DOUT[2]                                    
DOUT[6]                                    |DOUT[6]                                    
DOUT[4]                                    |DOUT[4]                                    
DOUT[1]                                    |DOUT[1]                                    
DOUT[9]                                    |DOUT[9]                                    
DOUT[7]                                    |DOUT[7]                                    
DOUT[3]                                    |DOUT[3]                                    
DOUT[5]                                    |DOUT[5]                                    
CK                                         |CK                                         
FINAL                                      |FINAL                                      
CLKS                                       |CLKS                                       
VSSD                                       |VSSD                                       
VDDD                                       |VDDD                                       
---------------------------------------------------------------------------------------
Cell pin lists are equivalent.
Device classes out_latch and out_latch are equivalent.
Flattening unmatched subcell flip_flop_5 in circuit cyclic_flag (0)(2 instances)
Flattening unmatched subcell buf in circuit cyclic_flag (0)(1 instance)

Subcircuit summary:
Circuit 1: cyclic_flag                     |Circuit 2: cyclic_flag                     
-------------------------------------------|-------------------------------------------
sky130_fd_sc_hd__dfrtp_2 (10)              |sky130_fd_sc_hd__dfrtp_2 (10)              
sky130_fd_sc_hd__buf_8 (1)                 |sky130_fd_sc_hd__buf_8 (1)                 
Number of devices: 11                      |Number of devices: 11                      
Number of nets: 16                         |Number of nets: 16                         
---------------------------------------------------------------------------------------
Netlists match uniquely.

Subcircuit pins:
Circuit 1: cyclic_flag                     |Circuit 2: cyclic_flag                     
-------------------------------------------|-------------------------------------------
RDY                                        |RDY                                        
CLKS                                       |CLKS                                       
VSSD                                       |VSSD                                       
VDDD                                       |VDDD                                       
CF[9]                                      |CF[9]                                      
CF[0]                                      |CF[0]                                      
CF[1]                                      |CF[1]                                      
CF[8]                                      |CF[8]                                      
CF[7]                                      |CF[7]                                      
CF[3]                                      |CF[3]                                      
CF[5]                                      |CF[5]                                      
CF[4]                                      |CF[4]                                      
CF[6]                                      |CF[6]                                      
CF[2]                                      |CF[2]                                      
EN                                         |EN                                         
FINAL                                      |FINAL                                      
---------------------------------------------------------------------------------------
Cell pin lists are equivalent.
Device classes cyclic_flag and cyclic_flag are equivalent.

Subcircuit summary:
Circuit 1: auto_sampling                   |Circuit 2: auto_sampling                   
-------------------------------------------|-------------------------------------------
sky130_fd_sc_hd__dfrtp_2 (12)              |sky130_fd_sc_hd__dfrtp_2 (12)              
sky130_fd_sc_hd__inv_1 (2)                 |sky130_fd_sc_hd__inv_1 (2)                 
sky130_fd_sc_hd__inv_2 (1)                 |sky130_fd_sc_hd__inv_2 (1)                 
sky130_fd_sc_hd__inv_4 (1)                 |sky130_fd_sc_hd__inv_4 (1)                 
sky130_fd_sc_hd__inv_8 (1)                 |sky130_fd_sc_hd__inv_8 (1)                 
Number of devices: 17                      |Number of devices: 17                      
Number of nets: 21                         |Number of nets: 21                         
---------------------------------------------------------------------------------------
Netlists match uniquely.

Subcircuit pins:
Circuit 1: auto_sampling                   |Circuit 2: auto_sampling                   
-------------------------------------------|-------------------------------------------
CLKSB                                      |CLKSB                                      
VSSD                                       |VSSD                                       
VDDD                                       |VDDD                                       
CLKS                                       |CLKS                                       
CKC                                        |CKC                                        
RST                                        |RST                                        
---------------------------------------------------------------------------------------
Cell pin lists are equivalent.
Device classes auto_sampling and auto_sampling are equivalent.

Subcircuit summary:
Circuit 1: cdac_ctrl                       |Circuit 2: cdac_ctrl                       
-------------------------------------------|-------------------------------------------
sky130_fd_sc_hd__buf_8 (2)                 |sky130_fd_sc_hd__buf_8 (2)                 
sky130_fd_sc_hd__dfrtp_2 (20)              |sky130_fd_sc_hd__dfrtp_2 (20)              
Number of devices: 22                      |Number of devices: 22                      
Number of nets: 37                         |Number of nets: 37                         
---------------------------------------------------------------------------------------
Resolving symmetries by property value.
Resolving symmetries by pin name.
Netlists match uniquely.

Subcircuit pins:
Circuit 1: cdac_ctrl                       |Circuit 2: cdac_ctrl                       
-------------------------------------------|-------------------------------------------
CLKS                                       |CLKS                                       
CF[0]                                      |CF[0]                                      
CF[1]                                      |CF[1]                                      
CF[2]                                      |CF[2]                                      
CF[3]                                      |CF[3]                                      
CF[5]                                      |CF[5]                                      
CF[4]                                      |CF[4]                                      
CF[6]                                      |CF[6]                                      
CF[7]                                      |CF[7]                                      
CF[8]                                      |CF[8]                                      
CF[9]                                      |CF[9]                                      
VSSD                                       |VSSD                                       
VDDD                                       |VDDD                                       
SWN[8]                                     |SWN[8]                                     
SWN[9]                                     |SWN[9]                                     
SWN[6]                                     |SWN[6]                                     
SWN[7]                                     |SWN[7]                                     
SWN[4]                                     |SWN[4]                                     
SWN[5]                                     |SWN[5]                                     
SWN[2]                                     |SWN[2]                                     
SWN[3]                                     |SWN[3]                                     
SWN[0]                                     |SWN[0]                                     
SWN[1]                                     |SWN[1]                                     
SWP[0]                                     |SWP[0]                                     
SWP[1]                                     |SWP[1]                                     
SWP[2]                                     |SWP[2]                                     
SWP[3]                                     |SWP[3]                                     
SWP[5]                                     |SWP[5]                                     
SWP[4]                                     |SWP[4]                                     
SWP[6]                                     |SWP[6]                                     
SWP[7]                                     |SWP[7]                                     
SWP[8]                                     |SWP[8]                                     
SWP[9]                                     |SWP[9]                                     
COMP_N                                     |COMP_N                                     
COMP_P                                     |COMP_P                                     
---------------------------------------------------------------------------------------
Cell pin lists are equivalent.
Device classes cdac_ctrl and cdac_ctrl are equivalent.

Subcircuit summary:
Circuit 1: sar                             |Circuit 2: sar                             
-------------------------------------------|-------------------------------------------
out_latch (1)                              |out_latch (1)                              
cyclic_flag (1)                            |cyclic_flag (1)                            
auto_sampling (1)                          |auto_sampling (1)                          
cdac_ctrl (1)                              |cdac_ctrl (1)                              
Number of devices: 4                       |Number of devices: 4                       
Number of nets: 50                         |Number of nets: 50                         
---------------------------------------------------------------------------------------
Netlists match uniquely.

Subcircuit pins:
Circuit 1: sar                             |Circuit 2: sar                             
-------------------------------------------|-------------------------------------------
CLKSB                                      |CLKSB                                      
COMP_P                                     |COMP_P                                     
COMP_N                                     |COMP_N                                     
SWN[0]                                     |SWN[0]                                     
SWN[1]                                     |SWN[1]                                     
SWN[2]                                     |SWN[2]                                     
SWN[3]                                     |SWN[3]                                     
SWN[4]                                     |SWN[4]                                     
SWN[5]                                     |SWN[5]                                     
SWN[6]                                     |SWN[6]                                     
SWN[7]                                     |SWN[7]                                     
SWN[8]                                     |SWN[8]                                     
SWN[9]                                     |SWN[9]                                     
DOUT[0]                                    |DOUT[0]                                    
DOUT[1]                                    |DOUT[1]                                    
DOUT[2]                                    |DOUT[2]                                    
DOUT[3]                                    |DOUT[3]                                    
DOUT[4]                                    |DOUT[4]                                    
DOUT[5]                                    |DOUT[5]                                    
DOUT[6]                                    |DOUT[6]                                    
DOUT[7]                                    |DOUT[7]                                    
DOUT[8]                                    |DOUT[8]                                    
DOUT[9]                                    |DOUT[9]                                    
CKO                                        |CKO                                        
EN                                         |EN                                         
VDDD                                       |VDDD                                       
VSSD                                       |VSSD                                       
CLKS                                       |CLKS                                       
CLK                                        |CLK                                        
CF[0]                                      |CF[0]                                      
CF[1]                                      |CF[1]                                      
CF[2]                                      |CF[2]                                      
CF[3]                                      |CF[3]                                      
CF[4]                                      |CF[4]                                      
CF[5]                                      |CF[5]                                      
CF[6]                                      |CF[6]                                      
CF[7]                                      |CF[7]                                      
CF[8]                                      |CF[8]                                      
CF[9]                                      |CF[9]                                      
SWP[0]                                     |SWP[0]                                     
SWP[1]                                     |SWP[1]                                     
SWP[2]                                     |SWP[2]                                     
SWP[3]                                     |SWP[3]                                     
SWP[4]                                     |SWP[4]                                     
SWP[5]                                     |SWP[5]                                     
SWP[6]                                     |SWP[6]                                     
SWP[7]                                     |SWP[7]                                     
SWP[8]                                     |SWP[8]                                     
SWP[9]                                     |SWP[9]                                     
---------------------------------------------------------------------------------------
Cell pin lists are equivalent.
Device classes sar and sar are equivalent.

Final result: Circuits match uniquely.
.
