Netgen 1.5.277 compiled on Rab 21 Agu 2024 08:42:28  WIB
Warning: netgen command 'format' use fully-qualified name '::netgen::format'
Warning: netgen command 'global' use fully-qualified name '::netgen::global'
Reading netlist file /home/mthudaa/Documents/UNIC-CASS-TSAR-ADC-ITS/mag/TSAR_ADC.ext.spc
Call to undefined subcircuit sky130_fd_pr__pfet_01v8_hvt
Creating placeholder cell definition.
Call to undefined subcircuit sky130_fd_pr__nfet_01v8
Creating placeholder cell definition.
Call to undefined subcircuit sky130_fd_pr__special_nfet_01v8
Creating placeholder cell definition.
Call to undefined subcircuit sky130_fd_pr__pfet_01v8
Creating placeholder cell definition.
Call to undefined subcircuit sky130_fd_pr__pfet_01v8_lvt
Creating placeholder cell definition.
Call to undefined subcircuit sky130_fd_pr__nfet_01v8_lvt
Creating placeholder cell definition.
Call to undefined subcircuit sky130_fd_pr__cap_mim_m3_1
Creating placeholder cell definition.
Reading netlist file /home/mthudaa/Documents/UNIC-CASS-TSAR-ADC-ITS/mag/TSAR_ADC.sch.spc
Call to undefined subcircuit sky130_fd_pr__pfet_01v8_hvt
Creating placeholder cell definition.
Call to undefined subcircuit sky130_fd_pr__nfet_01v8
Creating placeholder cell definition.
Call to undefined subcircuit sky130_fd_pr__res_generic_po
Creating placeholder cell definition.
Call to undefined subcircuit sky130_fd_pr__special_nfet_01v8
Creating placeholder cell definition.
Call to undefined subcircuit sky130_fd_pr__diode_pw2nd_05v5
Creating placeholder cell definition.
Call to undefined subcircuit sky130_fd_pr__special_pfet_01v8_hvt
Creating placeholder cell definition.
Call to undefined subcircuit sky130_fd_sc_hd__nand2_2
Creating placeholder cell definition.
Call to undefined subcircuit sky130_fd_sc_hd__nor2_2
Creating placeholder cell definition.
Call to undefined subcircuit sar
Creating placeholder cell definition.
Call to undefined subcircuit analog_block
Creating placeholder cell definition.
Call to undefined subcircuit auto_sampling
Creating placeholder cell definition.
Call to undefined subcircuit cyclic_flag
Creating placeholder cell definition.
Call to undefined subcircuit cdac_ctrl
Creating placeholder cell definition.
Call to undefined subcircuit out_latch
Creating placeholder cell definition.
Call to undefined subcircuit cdac_10b
Creating placeholder cell definition.
Call to undefined subcircuit tdc
Creating placeholder cell definition.
Call to undefined subcircuit bsw_diff
Creating placeholder cell definition.
Call to undefined subcircuit single_10b_cdac
Creating placeholder cell definition.
Call to undefined subcircuit phase_detector
Creating placeholder cell definition.
Call to undefined subcircuit delay_element
Creating placeholder cell definition.
Call to undefined subcircuit sky130_fd_pr__pfet_01v8
Creating placeholder cell definition.
Call to undefined subcircuit sky130_fd_pr__cap_mim_m3_1
Creating placeholder cell definition.
Call to undefined subcircuit x10b_cap_array
Creating placeholder cell definition.
Call to undefined subcircuit cdac_sw_16
Creating placeholder cell definition.
Call to undefined subcircuit cdac_sw_8
Creating placeholder cell definition.
Call to undefined subcircuit cdac_sw_4
Creating placeholder cell definition.
Call to undefined subcircuit cdac_sw_2
Creating placeholder cell definition.
Call to undefined subcircuit cdac_sw_1
Creating placeholder cell definition.
Call to undefined subcircuit sky130_fd_pr__pfet_01v8_lvt
Creating placeholder cell definition.
Call to undefined subcircuit sky130_fd_pr__nfet_01v8_lvt
Creating placeholder cell definition.
Call to undefined subcircuit nooverlap_clk
Creating placeholder cell definition.
Call to undefined subcircuit tg_sw_16
Creating placeholder cell definition.
Call to undefined subcircuit dac_sw_16
Creating placeholder cell definition.
Call to undefined subcircuit tg_sw_8
Creating placeholder cell definition.
Call to undefined subcircuit dac_sw_8
Creating placeholder cell definition.
Call to undefined subcircuit tg_sw_4
Creating placeholder cell definition.
Call to undefined subcircuit dac_sw_4
Creating placeholder cell definition.
Call to undefined subcircuit tg_sw_2
Creating placeholder cell definition.
Call to undefined subcircuit dac_sw_2
Creating placeholder cell definition.
Call to undefined subcircuit tg_sw_1
Creating placeholder cell definition.
Call to undefined subcircuit dac_sw_1
Creating placeholder cell definition.

Reading setup file /usr/local/share/pdk/sky130A/libs.tech/netgen/sky130A_setup.tcl

Model sky130_fd_pr__res_generic_po pin 1 == 2
No property value found for device sky130_fd_pr__res_generic_po
No property mult found for device sky130_fd_pr__res_generic_po
Model sky130_fd_pr__nfet_01v8 pin 1 == 3
No property mult found for device sky130_fd_pr__nfet_01v8
No property sa found for device sky130_fd_pr__nfet_01v8
No property sb found for device sky130_fd_pr__nfet_01v8
No property sd found for device sky130_fd_pr__nfet_01v8
No property nf found for device sky130_fd_pr__nfet_01v8
No property nrd found for device sky130_fd_pr__nfet_01v8
No property nrs found for device sky130_fd_pr__nfet_01v8
No property area found for device sky130_fd_pr__nfet_01v8
No property perim found for device sky130_fd_pr__nfet_01v8
No property topography found for device sky130_fd_pr__nfet_01v8
Model sky130_fd_pr__nfet_01v8 pin 1 == 3
No property area found for device sky130_fd_pr__nfet_01v8
No property perim found for device sky130_fd_pr__nfet_01v8
No property topography found for device sky130_fd_pr__nfet_01v8
Model sky130_fd_pr__nfet_01v8_lvt pin 1 == 3
No property mult found for device sky130_fd_pr__nfet_01v8_lvt
No property sa found for device sky130_fd_pr__nfet_01v8_lvt
No property sb found for device sky130_fd_pr__nfet_01v8_lvt
No property sd found for device sky130_fd_pr__nfet_01v8_lvt
No property nf found for device sky130_fd_pr__nfet_01v8_lvt
No property nrd found for device sky130_fd_pr__nfet_01v8_lvt
No property nrs found for device sky130_fd_pr__nfet_01v8_lvt
No property area found for device sky130_fd_pr__nfet_01v8_lvt
No property perim found for device sky130_fd_pr__nfet_01v8_lvt
No property topography found for device sky130_fd_pr__nfet_01v8_lvt
Model sky130_fd_pr__nfet_01v8_lvt pin 1 == 3
No property area found for device sky130_fd_pr__nfet_01v8_lvt
No property perim found for device sky130_fd_pr__nfet_01v8_lvt
No property topography found for device sky130_fd_pr__nfet_01v8_lvt
Model sky130_fd_pr__pfet_01v8 pin 1 == 3
No property mult found for device sky130_fd_pr__pfet_01v8
No property sa found for device sky130_fd_pr__pfet_01v8
No property sb found for device sky130_fd_pr__pfet_01v8
No property sd found for device sky130_fd_pr__pfet_01v8
No property nf found for device sky130_fd_pr__pfet_01v8
No property nrd found for device sky130_fd_pr__pfet_01v8
No property nrs found for device sky130_fd_pr__pfet_01v8
No property area found for device sky130_fd_pr__pfet_01v8
No property perim found for device sky130_fd_pr__pfet_01v8
No property topography found for device sky130_fd_pr__pfet_01v8
Model sky130_fd_pr__pfet_01v8 pin 1 == 3
No property area found for device sky130_fd_pr__pfet_01v8
No property perim found for device sky130_fd_pr__pfet_01v8
No property topography found for device sky130_fd_pr__pfet_01v8
Model sky130_fd_pr__pfet_01v8_lvt pin 1 == 3
No property mult found for device sky130_fd_pr__pfet_01v8_lvt
No property sa found for device sky130_fd_pr__pfet_01v8_lvt
No property sb found for device sky130_fd_pr__pfet_01v8_lvt
No property sd found for device sky130_fd_pr__pfet_01v8_lvt
No property nf found for device sky130_fd_pr__pfet_01v8_lvt
No property nrd found for device sky130_fd_pr__pfet_01v8_lvt
No property nrs found for device sky130_fd_pr__pfet_01v8_lvt
No property area found for device sky130_fd_pr__pfet_01v8_lvt
No property perim found for device sky130_fd_pr__pfet_01v8_lvt
No property topography found for device sky130_fd_pr__pfet_01v8_lvt
Model sky130_fd_pr__pfet_01v8_lvt pin 1 == 3
No property area found for device sky130_fd_pr__pfet_01v8_lvt
No property perim found for device sky130_fd_pr__pfet_01v8_lvt
No property topography found for device sky130_fd_pr__pfet_01v8_lvt
Model sky130_fd_pr__pfet_01v8_hvt pin 1 == 3
No property mult found for device sky130_fd_pr__pfet_01v8_hvt
No property sa found for device sky130_fd_pr__pfet_01v8_hvt
No property sb found for device sky130_fd_pr__pfet_01v8_hvt
No property sd found for device sky130_fd_pr__pfet_01v8_hvt
No property nf found for device sky130_fd_pr__pfet_01v8_hvt
No property nrd found for device sky130_fd_pr__pfet_01v8_hvt
No property nrs found for device sky130_fd_pr__pfet_01v8_hvt
No property area found for device sky130_fd_pr__pfet_01v8_hvt
No property perim found for device sky130_fd_pr__pfet_01v8_hvt
No property topography found for device sky130_fd_pr__pfet_01v8_hvt
Model sky130_fd_pr__pfet_01v8_hvt pin 1 == 3
No property as found for device sky130_fd_pr__pfet_01v8_hvt
No property ad found for device sky130_fd_pr__pfet_01v8_hvt
No property ps found for device sky130_fd_pr__pfet_01v8_hvt
No property pd found for device sky130_fd_pr__pfet_01v8_hvt
No property mult found for device sky130_fd_pr__pfet_01v8_hvt
No property sa found for device sky130_fd_pr__pfet_01v8_hvt
No property sb found for device sky130_fd_pr__pfet_01v8_hvt
No property sd found for device sky130_fd_pr__pfet_01v8_hvt
No property nf found for device sky130_fd_pr__pfet_01v8_hvt
No property nrd found for device sky130_fd_pr__pfet_01v8_hvt
No property nrs found for device sky130_fd_pr__pfet_01v8_hvt
No property area found for device sky130_fd_pr__pfet_01v8_hvt
No property perim found for device sky130_fd_pr__pfet_01v8_hvt
No property topography found for device sky130_fd_pr__pfet_01v8_hvt
Model sky130_fd_pr__special_nfet_01v8 pin 1 == 3
No property mult found for device sky130_fd_pr__special_nfet_01v8
No property sa found for device sky130_fd_pr__special_nfet_01v8
No property sb found for device sky130_fd_pr__special_nfet_01v8
No property sd found for device sky130_fd_pr__special_nfet_01v8
No property nf found for device sky130_fd_pr__special_nfet_01v8
No property nrd found for device sky130_fd_pr__special_nfet_01v8
No property nrs found for device sky130_fd_pr__special_nfet_01v8
No property area found for device sky130_fd_pr__special_nfet_01v8
No property perim found for device sky130_fd_pr__special_nfet_01v8
No property topography found for device sky130_fd_pr__special_nfet_01v8
Model sky130_fd_pr__special_nfet_01v8 pin 1 == 3
No property as found for device sky130_fd_pr__special_nfet_01v8
No property ad found for device sky130_fd_pr__special_nfet_01v8
No property ps found for device sky130_fd_pr__special_nfet_01v8
No property pd found for device sky130_fd_pr__special_nfet_01v8
No property mult found for device sky130_fd_pr__special_nfet_01v8
No property sa found for device sky130_fd_pr__special_nfet_01v8
No property sb found for device sky130_fd_pr__special_nfet_01v8
No property sd found for device sky130_fd_pr__special_nfet_01v8
No property nf found for device sky130_fd_pr__special_nfet_01v8
No property nrd found for device sky130_fd_pr__special_nfet_01v8
No property nrs found for device sky130_fd_pr__special_nfet_01v8
No property area found for device sky130_fd_pr__special_nfet_01v8
No property perim found for device sky130_fd_pr__special_nfet_01v8
No property topography found for device sky130_fd_pr__special_nfet_01v8
Model sky130_fd_pr__special_pfet_01v8_hvt pin 1 == 3
No property as found for device sky130_fd_pr__special_pfet_01v8_hvt
No property ad found for device sky130_fd_pr__special_pfet_01v8_hvt
No property ps found for device sky130_fd_pr__special_pfet_01v8_hvt
No property pd found for device sky130_fd_pr__special_pfet_01v8_hvt
No property mult found for device sky130_fd_pr__special_pfet_01v8_hvt
No property sa found for device sky130_fd_pr__special_pfet_01v8_hvt
No property sb found for device sky130_fd_pr__special_pfet_01v8_hvt
No property sd found for device sky130_fd_pr__special_pfet_01v8_hvt
No property nf found for device sky130_fd_pr__special_pfet_01v8_hvt
No property nrd found for device sky130_fd_pr__special_pfet_01v8_hvt
No property nrs found for device sky130_fd_pr__special_pfet_01v8_hvt
No property area found for device sky130_fd_pr__special_pfet_01v8_hvt
No property perim found for device sky130_fd_pr__special_pfet_01v8_hvt
No property topography found for device sky130_fd_pr__special_pfet_01v8_hvt
No property value found for device sky130_fd_pr__diode_pw2nd_05v5
No property mult found for device sky130_fd_pr__diode_pw2nd_05v5
No property area found for device sky130_fd_pr__cap_mim_m3_1
No property value found for device sky130_fd_pr__cap_mim_m3_1
No property mult found for device sky130_fd_pr__cap_mim_m3_1
No property perim found for device sky130_fd_pr__cap_mim_m3_1
No property mf found for device sky130_fd_pr__cap_mim_m3_1
No property area found for device sky130_fd_pr__cap_mim_m3_1
No property value found for device sky130_fd_pr__cap_mim_m3_1
No property mult found for device sky130_fd_pr__cap_mim_m3_1
No property perim found for device sky130_fd_pr__cap_mim_m3_1
Comparison output logged to file /home/mthudaa/Documents/UNIC-CASS-TSAR-ADC-ITS/mag/TSAR_ADC.lvs.out
Logging to file "/home/mthudaa/Documents/UNIC-CASS-TSAR-ADC-ITS/mag/TSAR_ADC.lvs.out" enabled
Circuit sky130_fd_pr__pfet_01v8_hvt contains no devices.
Circuit sky130_fd_pr__nfet_01v8 contains no devices.
Circuit sky130_fd_pr__pfet_01v8 contains no devices.

Contents of circuit 1:  Circuit: 'sky130_fd_sc_hd__nand2_1'
Circuit sky130_fd_sc_hd__nand2_1 contains 4 device instances.
  Class: sky130_fd_pr__nfet_01v8 instances:   2
  Class: sky130_fd_pr__pfet_01v8_hvt instances:   2
Circuit contains 8 nets.
Contents of circuit 2:  Circuit: 'sky130_fd_sc_hd__nand2_1'
Circuit sky130_fd_sc_hd__nand2_1 contains 4 device instances.
  Class: sky130_fd_pr__nfet_01v8 instances:   2
  Class: sky130_fd_pr__pfet_01v8_hvt instances:   2
Circuit contains 8 nets.

Circuit 1 contains 4 devices, Circuit 2 contains 4 devices.
Circuit 1 contains 8 nets,    Circuit 2 contains 8 nets.


Contents of circuit 1:  Circuit: 'sky130_fd_sc_hd__inv_1'
Circuit sky130_fd_sc_hd__inv_1 contains 2 device instances.
  Class: sky130_fd_pr__nfet_01v8 instances:   1
  Class: sky130_fd_pr__pfet_01v8_hvt instances:   1
Circuit contains 6 nets.
Contents of circuit 2:  Circuit: 'sky130_fd_sc_hd__inv_1'
Circuit sky130_fd_sc_hd__inv_1 contains 2 device instances.
  Class: sky130_fd_pr__nfet_01v8 instances:   1
  Class: sky130_fd_pr__pfet_01v8_hvt instances:   1
Circuit contains 6 nets.

Circuit 1 contains 2 devices, Circuit 2 contains 2 devices.
Circuit 1 contains 6 nets,    Circuit 2 contains 6 nets.


Contents of circuit 1:  Circuit: 'sky130_fd_sc_hd__inv_4'
Circuit sky130_fd_sc_hd__inv_4 contains 8 device instances.
  Class: sky130_fd_pr__nfet_01v8 instances:   4
  Class: sky130_fd_pr__pfet_01v8_hvt instances:   4
Circuit contains 6 nets.
Contents of circuit 2:  Circuit: 'sky130_fd_sc_hd__inv_4'
Circuit sky130_fd_sc_hd__inv_4 contains 8 device instances.
  Class: sky130_fd_pr__nfet_01v8 instances:   4
  Class: sky130_fd_pr__pfet_01v8_hvt instances:   4
Circuit contains 6 nets.

Circuit was modified by parallel/series device merging.
New circuit summary:

Contents of circuit 1:  Circuit: 'sky130_fd_sc_hd__inv_4'
Circuit sky130_fd_sc_hd__inv_4 contains 2 device instances.
  Class: sky130_fd_pr__nfet_01v8 instances:   1
  Class: sky130_fd_pr__pfet_01v8_hvt instances:   1
Circuit contains 6 nets.
Contents of circuit 2:  Circuit: 'sky130_fd_sc_hd__inv_4'
Circuit sky130_fd_sc_hd__inv_4 contains 2 device instances.
  Class: sky130_fd_pr__nfet_01v8 instances:   1
  Class: sky130_fd_pr__pfet_01v8_hvt instances:   1
Circuit contains 6 nets.

Circuit 1 contains 2 devices, Circuit 2 contains 2 devices.
Circuit 1 contains 6 nets,    Circuit 2 contains 6 nets.


Contents of circuit 1:  Circuit: 'sky130_fd_sc_hd__inv_8'
Circuit sky130_fd_sc_hd__inv_8 contains 16 device instances.
  Class: sky130_fd_pr__nfet_01v8 instances:   8
  Class: sky130_fd_pr__pfet_01v8_hvt instances:   8
Circuit contains 6 nets.
Contents of circuit 2:  Circuit: 'sky130_fd_sc_hd__inv_8'
Circuit sky130_fd_sc_hd__inv_8 contains 16 device instances.
  Class: sky130_fd_pr__nfet_01v8 instances:   8
  Class: sky130_fd_pr__pfet_01v8_hvt instances:   8
Circuit contains 6 nets.

Circuit was modified by parallel/series device merging.
New circuit summary:

Contents of circuit 1:  Circuit: 'sky130_fd_sc_hd__inv_8'
Circuit sky130_fd_sc_hd__inv_8 contains 2 device instances.
  Class: sky130_fd_pr__nfet_01v8 instances:   1
  Class: sky130_fd_pr__pfet_01v8_hvt instances:   1
Circuit contains 6 nets.
Contents of circuit 2:  Circuit: 'sky130_fd_sc_hd__inv_8'
Circuit sky130_fd_sc_hd__inv_8 contains 2 device instances.
  Class: sky130_fd_pr__nfet_01v8 instances:   1
  Class: sky130_fd_pr__pfet_01v8_hvt instances:   1
Circuit contains 6 nets.

Circuit 1 contains 2 devices, Circuit 2 contains 2 devices.
Circuit 1 contains 6 nets,    Circuit 2 contains 6 nets.

Circuit sky130_fd_pr__cap_mim_m3_1 contains no devices.
Circuit sky130_fd_pr__special_nfet_01v8 contains no devices.
Circuit sky130_fd_pr__pfet_01v8_lvt contains no devices.
Circuit sky130_fd_pr__nfet_01v8_lvt contains no devices.

Contents of circuit 1:  Circuit: 'nooverlap_clk'
Circuit nooverlap_clk contains 13 device instances.
  Class: sky130_fd_sc_hd__inv_1 instances:   5
  Class: sky130_fd_sc_hd__inv_4 instances:   2
  Class: sky130_fd_sc_hd__inv_8 instances:   4
  Class: sky130_fd_sc_hd__nand2_1 instances:   2
Circuit contains 16 nets.
Contents of circuit 2:  Circuit: 'nooverlap_clk'
Circuit nooverlap_clk contains 13 device instances.
  Class: sky130_fd_sc_hd__inv_1 instances:   5
  Class: sky130_fd_sc_hd__inv_4 instances:   2
  Class: sky130_fd_sc_hd__inv_8 instances:   4
  Class: sky130_fd_sc_hd__nand2_1 instances:   2
Circuit contains 16 nets.

Circuit 1 contains 13 devices, Circuit 2 contains 13 devices.
Circuit 1 contains 16 nets,    Circuit 2 contains 16 nets.


Contents of circuit 1:  Circuit: 'tg_sw_4'
Circuit tg_sw_4 contains 8 device instances.
  Class: sky130_fd_pr__nfet_01v8 instances:   4
  Class: sky130_fd_pr__pfet_01v8 instances:   4
Circuit contains 6 nets.
Contents of circuit 2:  Circuit: 'tg_sw_4'
Circuit tg_sw_4 contains 2 device instances.
  Class: sky130_fd_pr__nfet_01v8 instances:   1
  Class: sky130_fd_pr__pfet_01v8 instances:   1
Circuit contains 6 nets.

Circuit was modified by parallel/series device merging.
New circuit summary:

Contents of circuit 1:  Circuit: 'tg_sw_4'
Circuit tg_sw_4 contains 2 device instances.
  Class: sky130_fd_pr__nfet_01v8 instances:   1
  Class: sky130_fd_pr__pfet_01v8 instances:   1
Circuit contains 6 nets.
Contents of circuit 2:  Circuit: 'tg_sw_4'
Circuit tg_sw_4 contains 2 device instances.
  Class: sky130_fd_pr__nfet_01v8 instances:   1
  Class: sky130_fd_pr__pfet_01v8 instances:   1
Circuit contains 6 nets.

Circuit 1 contains 2 devices, Circuit 2 contains 2 devices.
Circuit 1 contains 6 nets,    Circuit 2 contains 6 nets.


Contents of circuit 1:  Circuit: 'dac_sw_4'
Circuit dac_sw_4 contains 16 device instances.
  Class: sky130_fd_pr__nfet_01v8 instances:   8
  Class: sky130_fd_pr__pfet_01v8 instances:   8
Circuit contains 8 nets.
Contents of circuit 2:  Circuit: 'dac_sw_4'
Circuit dac_sw_4 contains 4 device instances.
  Class: sky130_fd_pr__nfet_01v8 instances:   2
  Class: sky130_fd_pr__pfet_01v8 instances:   2
Circuit contains 8 nets.

Circuit was modified by parallel/series device merging.
New circuit summary:

Contents of circuit 1:  Circuit: 'dac_sw_4'
Circuit dac_sw_4 contains 4 device instances.
  Class: sky130_fd_pr__nfet_01v8 instances:   2
  Class: sky130_fd_pr__pfet_01v8 instances:   2
Circuit contains 8 nets.
Contents of circuit 2:  Circuit: 'dac_sw_4'
Circuit dac_sw_4 contains 4 device instances.
  Class: sky130_fd_pr__nfet_01v8 instances:   2
  Class: sky130_fd_pr__pfet_01v8 instances:   2
Circuit contains 8 nets.

Circuit 1 contains 4 devices, Circuit 2 contains 4 devices.
Circuit 1 contains 8 nets,    Circuit 2 contains 8 nets.


Contents of circuit 1:  Circuit: 'tg_sw_16'
Circuit tg_sw_16 contains 32 device instances.
  Class: sky130_fd_pr__nfet_01v8 instances:  16
  Class: sky130_fd_pr__pfet_01v8 instances:  16
Circuit contains 6 nets.
Contents of circuit 2:  Circuit: 'tg_sw_16'
Circuit tg_sw_16 contains 2 device instances.
  Class: sky130_fd_pr__nfet_01v8 instances:   1
  Class: sky130_fd_pr__pfet_01v8 instances:   1
Circuit contains 6 nets.

Circuit was modified by parallel/series device merging.
New circuit summary:

Contents of circuit 1:  Circuit: 'tg_sw_16'
Circuit tg_sw_16 contains 2 device instances.
  Class: sky130_fd_pr__nfet_01v8 instances:   1
  Class: sky130_fd_pr__pfet_01v8 instances:   1
Circuit contains 6 nets.
Contents of circuit 2:  Circuit: 'tg_sw_16'
Circuit tg_sw_16 contains 2 device instances.
  Class: sky130_fd_pr__nfet_01v8 instances:   1
  Class: sky130_fd_pr__pfet_01v8 instances:   1
Circuit contains 6 nets.

Circuit 1 contains 2 devices, Circuit 2 contains 2 devices.
Circuit 1 contains 6 nets,    Circuit 2 contains 6 nets.


Contents of circuit 1:  Circuit: 'dac_sw_16'
Circuit dac_sw_16 contains 64 device instances.
  Class: sky130_fd_pr__nfet_01v8 instances:  32
  Class: sky130_fd_pr__pfet_01v8 instances:  32
Circuit contains 8 nets.
Contents of circuit 2:  Circuit: 'dac_sw_16'
Circuit dac_sw_16 contains 4 device instances.
  Class: sky130_fd_pr__nfet_01v8 instances:   2
  Class: sky130_fd_pr__pfet_01v8 instances:   2
Circuit contains 8 nets.

Circuit was modified by parallel/series device merging.
New circuit summary:

Contents of circuit 1:  Circuit: 'dac_sw_16'
Circuit dac_sw_16 contains 4 device instances.
  Class: sky130_fd_pr__nfet_01v8 instances:   2
  Class: sky130_fd_pr__pfet_01v8 instances:   2
Circuit contains 8 nets.
Contents of circuit 2:  Circuit: 'dac_sw_16'
Circuit dac_sw_16 contains 4 device instances.
  Class: sky130_fd_pr__nfet_01v8 instances:   2
  Class: sky130_fd_pr__pfet_01v8 instances:   2
Circuit contains 8 nets.

Circuit 1 contains 4 devices, Circuit 2 contains 4 devices.
Circuit 1 contains 8 nets,    Circuit 2 contains 8 nets.


Contents of circuit 1:  Circuit: 'tg_sw_2'
Circuit tg_sw_2 contains 4 device instances.
  Class: sky130_fd_pr__nfet_01v8 instances:   2
  Class: sky130_fd_pr__pfet_01v8 instances:   2
Circuit contains 6 nets.
Contents of circuit 2:  Circuit: 'tg_sw_2'
Circuit tg_sw_2 contains 2 device instances.
  Class: sky130_fd_pr__nfet_01v8 instances:   1
  Class: sky130_fd_pr__pfet_01v8 instances:   1
Circuit contains 6 nets.

Circuit was modified by parallel/series device merging.
New circuit summary:

Contents of circuit 1:  Circuit: 'tg_sw_2'
Circuit tg_sw_2 contains 2 device instances.
  Class: sky130_fd_pr__nfet_01v8 instances:   1
  Class: sky130_fd_pr__pfet_01v8 instances:   1
Circuit contains 6 nets.
Contents of circuit 2:  Circuit: 'tg_sw_2'
Circuit tg_sw_2 contains 2 device instances.
  Class: sky130_fd_pr__nfet_01v8 instances:   1
  Class: sky130_fd_pr__pfet_01v8 instances:   1
Circuit contains 6 nets.

Circuit 1 contains 2 devices, Circuit 2 contains 2 devices.
Circuit 1 contains 6 nets,    Circuit 2 contains 6 nets.


Contents of circuit 1:  Circuit: 'dac_sw_2'
Circuit dac_sw_2 contains 8 device instances.
  Class: sky130_fd_pr__nfet_01v8 instances:   4
  Class: sky130_fd_pr__pfet_01v8 instances:   4
Circuit contains 8 nets.
Contents of circuit 2:  Circuit: 'dac_sw_2'
Circuit dac_sw_2 contains 4 device instances.
  Class: sky130_fd_pr__nfet_01v8 instances:   2
  Class: sky130_fd_pr__pfet_01v8 instances:   2
Circuit contains 8 nets.

Circuit was modified by parallel/series device merging.
New circuit summary:

Contents of circuit 1:  Circuit: 'dac_sw_2'
Circuit dac_sw_2 contains 4 device instances.
  Class: sky130_fd_pr__nfet_01v8 instances:   2
  Class: sky130_fd_pr__pfet_01v8 instances:   2
Circuit contains 8 nets.
Contents of circuit 2:  Circuit: 'dac_sw_2'
Circuit dac_sw_2 contains 4 device instances.
  Class: sky130_fd_pr__nfet_01v8 instances:   2
  Class: sky130_fd_pr__pfet_01v8 instances:   2
Circuit contains 8 nets.

Circuit 1 contains 4 devices, Circuit 2 contains 4 devices.
Circuit 1 contains 8 nets,    Circuit 2 contains 8 nets.


Contents of circuit 1:  Circuit: 'tg_sw_8'
Circuit tg_sw_8 contains 16 device instances.
  Class: sky130_fd_pr__nfet_01v8 instances:   8
  Class: sky130_fd_pr__pfet_01v8 instances:   8
Circuit contains 6 nets.
Contents of circuit 2:  Circuit: 'tg_sw_8'
Circuit tg_sw_8 contains 2 device instances.
  Class: sky130_fd_pr__nfet_01v8 instances:   1
  Class: sky130_fd_pr__pfet_01v8 instances:   1
Circuit contains 6 nets.

Circuit was modified by parallel/series device merging.
New circuit summary:

Contents of circuit 1:  Circuit: 'tg_sw_8'
Circuit tg_sw_8 contains 2 device instances.
  Class: sky130_fd_pr__nfet_01v8 instances:   1
  Class: sky130_fd_pr__pfet_01v8 instances:   1
Circuit contains 6 nets.
Contents of circuit 2:  Circuit: 'tg_sw_8'
Circuit tg_sw_8 contains 2 device instances.
  Class: sky130_fd_pr__nfet_01v8 instances:   1
  Class: sky130_fd_pr__pfet_01v8 instances:   1
Circuit contains 6 nets.

Circuit 1 contains 2 devices, Circuit 2 contains 2 devices.
Circuit 1 contains 6 nets,    Circuit 2 contains 6 nets.


Contents of circuit 1:  Circuit: 'dac_sw_8'
Circuit dac_sw_8 contains 32 device instances.
  Class: sky130_fd_pr__nfet_01v8 instances:  16
  Class: sky130_fd_pr__pfet_01v8 instances:  16
Circuit contains 8 nets.
Contents of circuit 2:  Circuit: 'dac_sw_8'
Circuit dac_sw_8 contains 4 device instances.
  Class: sky130_fd_pr__nfet_01v8 instances:   2
  Class: sky130_fd_pr__pfet_01v8 instances:   2
Circuit contains 8 nets.

Circuit was modified by parallel/series device merging.
New circuit summary:

Contents of circuit 1:  Circuit: 'dac_sw_8'
Circuit dac_sw_8 contains 4 device instances.
  Class: sky130_fd_pr__nfet_01v8 instances:   2
  Class: sky130_fd_pr__pfet_01v8 instances:   2
Circuit contains 8 nets.
Contents of circuit 2:  Circuit: 'dac_sw_8'
Circuit dac_sw_8 contains 4 device instances.
  Class: sky130_fd_pr__nfet_01v8 instances:   2
  Class: sky130_fd_pr__pfet_01v8 instances:   2
Circuit contains 8 nets.

Circuit 1 contains 4 devices, Circuit 2 contains 4 devices.
Circuit 1 contains 8 nets,    Circuit 2 contains 8 nets.


Contents of circuit 1:  Circuit: 'tg_sw_1'
Circuit tg_sw_1 contains 2 device instances.
  Class: sky130_fd_pr__nfet_01v8 instances:   1
  Class: sky130_fd_pr__pfet_01v8 instances:   1
Circuit contains 6 nets.
Contents of circuit 2:  Circuit: 'tg_sw_1'
Circuit tg_sw_1 contains 2 device instances.
  Class: sky130_fd_pr__nfet_01v8 instances:   1
  Class: sky130_fd_pr__pfet_01v8 instances:   1
Circuit contains 6 nets.

Circuit 1 contains 2 devices, Circuit 2 contains 2 devices.
Circuit 1 contains 6 nets,    Circuit 2 contains 6 nets.


Contents of circuit 1:  Circuit: 'dac_sw_1'
Circuit dac_sw_1 contains 4 device instances.
  Class: sky130_fd_pr__nfet_01v8 instances:   2
  Class: sky130_fd_pr__pfet_01v8 instances:   2
Circuit contains 8 nets.
Contents of circuit 2:  Circuit: 'dac_sw_1'
Circuit dac_sw_1 contains 4 device instances.
  Class: sky130_fd_pr__nfet_01v8 instances:   2
  Class: sky130_fd_pr__pfet_01v8 instances:   2
Circuit contains 8 nets.

Circuit 1 contains 4 devices, Circuit 2 contains 4 devices.
Circuit 1 contains 8 nets,    Circuit 2 contains 8 nets.


Contents of circuit 1:  Circuit: 'sky130_fd_sc_hd__and2_1'
Circuit sky130_fd_sc_hd__and2_1 contains 6 device instances.
  Class: sky130_fd_pr__nfet_01v8 instances:   3
  Class: sky130_fd_pr__pfet_01v8_hvt instances:   3
Circuit contains 9 nets.
Contents of circuit 2:  Circuit: 'sky130_fd_sc_hd__and2_1'
Circuit sky130_fd_sc_hd__and2_1 contains 6 device instances.
  Class: sky130_fd_pr__nfet_01v8 instances:   3
  Class: sky130_fd_pr__pfet_01v8_hvt instances:   3
Circuit contains 9 nets.

Circuit 1 contains 6 devices, Circuit 2 contains 6 devices.
Circuit 1 contains 9 nets,    Circuit 2 contains 9 nets.


Contents of circuit 1:  Circuit: 'sky130_fd_sc_hd__dfrtp_2'
Circuit sky130_fd_sc_hd__dfrtp_2 contains 30 device instances.
  Class: sky130_fd_pr__nfet_01v8 instances:  11
  Class: sky130_fd_pr__pfet_01v8_hvt instances:  15
  Class: sky130_fd_pr__special_nfet_01v8 instances:   4
Circuit contains 21 nets.
Contents of circuit 2:  Circuit: 'sky130_fd_sc_hd__dfrtp_2'
Circuit sky130_fd_sc_hd__dfrtp_2 contains 30 device instances.
  Class: sky130_fd_pr__nfet_01v8 instances:  11
  Class: sky130_fd_pr__pfet_01v8_hvt instances:  15
  Class: sky130_fd_pr__special_nfet_01v8 instances:   4
Circuit contains 21 nets.

Circuit was modified by parallel/series device merging.
New circuit summary:

Contents of circuit 1:  Circuit: 'sky130_fd_sc_hd__dfrtp_2'
Circuit sky130_fd_sc_hd__dfrtp_2 contains 28 device instances.
  Class: sky130_fd_pr__nfet_01v8 instances:  10
  Class: sky130_fd_pr__pfet_01v8_hvt instances:  14
  Class: sky130_fd_pr__special_nfet_01v8 instances:   4
Circuit contains 21 nets.
Contents of circuit 2:  Circuit: 'sky130_fd_sc_hd__dfrtp_2'
Circuit sky130_fd_sc_hd__dfrtp_2 contains 28 device instances.
  Class: sky130_fd_pr__nfet_01v8 instances:  10
  Class: sky130_fd_pr__pfet_01v8_hvt instances:  14
  Class: sky130_fd_pr__special_nfet_01v8 instances:   4
Circuit contains 21 nets.

Circuit 1 contains 28 devices, Circuit 2 contains 28 devices.
Circuit 1 contains 21 nets,    Circuit 2 contains 21 nets.


Contents of circuit 1:  Circuit: 'sky130_fd_sc_hd__buf_8'
Circuit sky130_fd_sc_hd__buf_8 contains 22 device instances.
  Class: sky130_fd_pr__nfet_01v8 instances:  11
  Class: sky130_fd_pr__pfet_01v8_hvt instances:  11
Circuit contains 7 nets.
Contents of circuit 2:  Circuit: 'sky130_fd_sc_hd__buf_8'
Circuit sky130_fd_sc_hd__buf_8 contains 22 device instances.
  Class: sky130_fd_pr__nfet_01v8 instances:  11
  Class: sky130_fd_pr__pfet_01v8_hvt instances:  11
Circuit contains 7 nets.

Circuit was modified by parallel/series device merging.
New circuit summary:

Contents of circuit 1:  Circuit: 'sky130_fd_sc_hd__buf_8'
Circuit sky130_fd_sc_hd__buf_8 contains 4 device instances.
  Class: sky130_fd_pr__nfet_01v8 instances:   2
  Class: sky130_fd_pr__pfet_01v8_hvt instances:   2
Circuit contains 7 nets.
Contents of circuit 2:  Circuit: 'sky130_fd_sc_hd__buf_8'
Circuit sky130_fd_sc_hd__buf_8 contains 4 device instances.
  Class: sky130_fd_pr__nfet_01v8 instances:   2
  Class: sky130_fd_pr__pfet_01v8_hvt instances:   2
Circuit contains 7 nets.

Circuit 1 contains 4 devices, Circuit 2 contains 4 devices.
Circuit 1 contains 7 nets,    Circuit 2 contains 7 nets.


Contents of circuit 1:  Circuit: 'cdac_sw_4'
Circuit cdac_sw_4 contains 3 device instances.
  Class: dac_sw_4              instances:   1
  Class: nooverlap_clk         instances:   1
  Class: tg_sw_4               instances:   1
Circuit contains 10 nets.
Contents of circuit 2:  Circuit: 'cdac_sw_4'
Circuit cdac_sw_4 contains 3 device instances.
  Class: dac_sw_4              instances:   1
  Class: nooverlap_clk         instances:   1
  Class: tg_sw_4               instances:   1
Circuit contains 10 nets.

Circuit 1 contains 3 devices, Circuit 2 contains 3 devices.
Circuit 1 contains 10 nets,    Circuit 2 contains 10 nets.


Contents of circuit 1:  Circuit: 'cdac_sw_16'
Circuit cdac_sw_16 contains 3 device instances.
  Class: nooverlap_clk         instances:   1
  Class: dac_sw_16             instances:   1
  Class: tg_sw_16              instances:   1
Circuit contains 10 nets.
Contents of circuit 2:  Circuit: 'cdac_sw_16'
Circuit cdac_sw_16 contains 3 device instances.
  Class: nooverlap_clk         instances:   1
  Class: dac_sw_16             instances:   1
  Class: tg_sw_16              instances:   1
Circuit contains 10 nets.

Circuit 1 contains 3 devices, Circuit 2 contains 3 devices.
Circuit 1 contains 10 nets,    Circuit 2 contains 10 nets.


Contents of circuit 1:  Circuit: 'cdac_sw_2'
Circuit cdac_sw_2 contains 3 device instances.
  Class: dac_sw_2              instances:   1
  Class: nooverlap_clk         instances:   1
  Class: tg_sw_2               instances:   1
Circuit contains 10 nets.
Contents of circuit 2:  Circuit: 'cdac_sw_2'
Circuit cdac_sw_2 contains 3 device instances.
  Class: dac_sw_2              instances:   1
  Class: nooverlap_clk         instances:   1
  Class: tg_sw_2               instances:   1
Circuit contains 10 nets.

Circuit 1 contains 3 devices, Circuit 2 contains 3 devices.
Circuit 1 contains 10 nets,    Circuit 2 contains 10 nets.


Contents of circuit 1:  Circuit: 'x10b_cap_array'
Circuit x10b_cap_array contains 1024 device instances.
  Class: sky130_fd_pr__cap_mim_m3_1 instances: 1024
Circuit contains 12 nets.
Contents of circuit 2:  Circuit: 'x10b_cap_array'
Circuit x10b_cap_array contains 11 device instances.
  Class: sky130_fd_pr__cap_mim_m3_1 instances:  11
Circuit contains 12 nets.

Circuit was modified by parallel/series device merging.
New circuit summary:

Contents of circuit 1:  Circuit: 'x10b_cap_array'
Circuit x10b_cap_array contains 11 device instances.
  Class: sky130_fd_pr__cap_mim_m3_1 instances:  11
Circuit contains 12 nets.
Contents of circuit 2:  Circuit: 'x10b_cap_array'
Circuit x10b_cap_array contains 11 device instances.
  Class: sky130_fd_pr__cap_mim_m3_1 instances:  11
Circuit contains 12 nets.

Circuit 1 contains 11 devices, Circuit 2 contains 11 devices.
Circuit 1 contains 12 nets,    Circuit 2 contains 12 nets.


Contents of circuit 1:  Circuit: 'cdac_sw_8'
Circuit cdac_sw_8 contains 3 device instances.
  Class: dac_sw_8              instances:   1
  Class: nooverlap_clk         instances:   1
  Class: tg_sw_8               instances:   1
Circuit contains 10 nets.
Contents of circuit 2:  Circuit: 'cdac_sw_8'
Circuit cdac_sw_8 contains 3 device instances.
  Class: dac_sw_8              instances:   1
  Class: nooverlap_clk         instances:   1
  Class: tg_sw_8               instances:   1
Circuit contains 10 nets.

Circuit 1 contains 3 devices, Circuit 2 contains 3 devices.
Circuit 1 contains 10 nets,    Circuit 2 contains 10 nets.


Contents of circuit 1:  Circuit: 'cdac_sw_1'
Circuit cdac_sw_1 contains 3 device instances.
  Class: dac_sw_1              instances:   1
  Class: nooverlap_clk         instances:   1
  Class: tg_sw_1               instances:   1
Circuit contains 10 nets.
Contents of circuit 2:  Circuit: 'cdac_sw_1'
Circuit cdac_sw_1 contains 3 device instances.
  Class: dac_sw_1              instances:   1
  Class: nooverlap_clk         instances:   1
  Class: tg_sw_1               instances:   1
Circuit contains 10 nets.

Circuit 1 contains 3 devices, Circuit 2 contains 3 devices.
Circuit 1 contains 10 nets,    Circuit 2 contains 10 nets.


Contents of circuit 1:  Circuit: 'sky130_fd_sc_hd__inv_2'
Circuit sky130_fd_sc_hd__inv_2 contains 4 device instances.
  Class: sky130_fd_pr__nfet_01v8 instances:   2
  Class: sky130_fd_pr__pfet_01v8_hvt instances:   2
Circuit contains 6 nets.
Contents of circuit 2:  Circuit: 'sky130_fd_sc_hd__inv_2'
Circuit sky130_fd_sc_hd__inv_2 contains 4 device instances.
  Class: sky130_fd_pr__nfet_01v8 instances:   2
  Class: sky130_fd_pr__pfet_01v8_hvt instances:   2
Circuit contains 6 nets.

Circuit was modified by parallel/series device merging.
New circuit summary:

Contents of circuit 1:  Circuit: 'sky130_fd_sc_hd__inv_2'
Circuit sky130_fd_sc_hd__inv_2 contains 2 device instances.
  Class: sky130_fd_pr__nfet_01v8 instances:   1
  Class: sky130_fd_pr__pfet_01v8_hvt instances:   1
Circuit contains 6 nets.
Contents of circuit 2:  Circuit: 'sky130_fd_sc_hd__inv_2'
Circuit sky130_fd_sc_hd__inv_2 contains 2 device instances.
  Class: sky130_fd_pr__nfet_01v8 instances:   1
  Class: sky130_fd_pr__pfet_01v8_hvt instances:   1
Circuit contains 6 nets.

Circuit 1 contains 2 devices, Circuit 2 contains 2 devices.
Circuit 1 contains 6 nets,    Circuit 2 contains 6 nets.


Contents of circuit 1:  Circuit: 'phase_detector'
Circuit phase_detector contains 12 device instances.
  Class: sky130_fd_pr__nfet_01v8 instances:   4
  Class: sky130_fd_sc_hd__nand2_1 instances:   2
  Class: sky130_fd_pr__pfet_01v8 instances:   6
Circuit contains 12 nets.
Contents of circuit 2:  Circuit: 'phase_detector'
Circuit phase_detector contains 12 device instances.
  Class: sky130_fd_pr__nfet_01v8 instances:   4
  Class: sky130_fd_sc_hd__nand2_1 instances:   2
  Class: sky130_fd_pr__pfet_01v8 instances:   6
Circuit contains 12 nets.

Circuit 1 contains 12 devices, Circuit 2 contains 12 devices.
Circuit 1 contains 12 nets,    Circuit 2 contains 12 nets.


Contents of circuit 1:  Circuit: 'delay_element'
Circuit delay_element contains 6 device instances.
  Class: sky130_fd_pr__nfet_01v8_lvt instances:   3
  Class: sky130_fd_pr__pfet_01v8_lvt instances:   3
Circuit contains 9 nets.
Contents of circuit 2:  Circuit: 'delay_element'
Circuit delay_element contains 6 device instances.
  Class: sky130_fd_pr__nfet_01v8_lvt instances:   3
  Class: sky130_fd_pr__pfet_01v8_lvt instances:   3
Circuit contains 9 nets.

Circuit 1 contains 6 devices, Circuit 2 contains 6 devices.
Circuit 1 contains 9 nets,    Circuit 2 contains 9 nets.


Contents of circuit 1:  Circuit: 'single_10b_cdac'
Circuit single_10b_cdac contains 22 device instances.
  Class: cdac_sw_16            instances:   4
  Class: x10b_cap_array        instances:   2
  Class: cdac_sw_1             instances:   4
  Class: cdac_sw_2             instances:   4
  Class: cdac_sw_4             instances:   4
  Class: cdac_sw_8             instances:   4
Circuit contains 55 nets.
Contents of circuit 2:  Circuit: 'single_10b_cdac'
Circuit single_10b_cdac contains 22 device instances.
  Class: cdac_sw_16            instances:   4
  Class: x10b_cap_array        instances:   2
  Class: cdac_sw_1             instances:   4
  Class: cdac_sw_2             instances:   4
  Class: cdac_sw_4             instances:   4
  Class: cdac_sw_8             instances:   4
Circuit contains 55 nets.

Circuit 1 contains 22 devices, Circuit 2 contains 22 devices.
Circuit 1 contains 55 nets,    Circuit 2 contains 55 nets.


Contents of circuit 1:  Circuit: 'out_latch'
Circuit out_latch contains 11 device instances.
  Class: sky130_fd_sc_hd__dfrtp_2 instances:  10
  Class: sky130_fd_sc_hd__and2_1 instances:   1
Circuit contains 26 nets, and 2 disconnected pins.
Contents of circuit 2:  Circuit: 'out_latch'
Circuit out_latch contains 11 device instances.
  Class: sky130_fd_sc_hd__dfrtp_2 instances:  10
  Class: sky130_fd_sc_hd__and2_1 instances:   1
Circuit contains 26 nets.

Circuit 1 contains 11 devices, Circuit 2 contains 11 devices.
Circuit 1 contains 26 nets,    Circuit 2 contains 26 nets.

  Flattening non-matched subcircuits out_latch out_latch

Flattening instances of out_latch in file /home/mthudaa/Documents/UNIC-CASS-TSAR-ADC-ITS/mag/TSAR_ADC.ext.spc
Flattening instances of out_latch in file /home/mthudaa/Documents/UNIC-CASS-TSAR-ADC-ITS/mag/TSAR_ADC.sch.spc

Contents of circuit 1:  Circuit: 'cyclic_flag'
Circuit cyclic_flag contains 11 device instances.
  Class: sky130_fd_sc_hd__buf_8 instances:   1
  Class: sky130_fd_sc_hd__dfrtp_2 instances:  10
Circuit contains 16 nets.
Contents of circuit 2:  Circuit: 'cyclic_flag'
Circuit cyclic_flag contains 11 device instances.
  Class: sky130_fd_sc_hd__buf_8 instances:   1
  Class: sky130_fd_sc_hd__dfrtp_2 instances:  10
Circuit contains 16 nets.

Circuit 1 contains 11 devices, Circuit 2 contains 11 devices.
Circuit 1 contains 16 nets,    Circuit 2 contains 16 nets.


Contents of circuit 1:  Circuit: 'auto_sampling'
Circuit auto_sampling contains 17 device instances.
  Class: sky130_fd_sc_hd__dfrtp_2 instances:  12
  Class: sky130_fd_sc_hd__inv_1 instances:   2
  Class: sky130_fd_sc_hd__inv_2 instances:   1
  Class: sky130_fd_sc_hd__inv_4 instances:   1
  Class: sky130_fd_sc_hd__inv_8 instances:   1
Circuit contains 21 nets.
Contents of circuit 2:  Circuit: 'auto_sampling'
Circuit auto_sampling contains 17 device instances.
  Class: sky130_fd_sc_hd__dfrtp_2 instances:  12
  Class: sky130_fd_sc_hd__inv_1 instances:   2
  Class: sky130_fd_sc_hd__inv_2 instances:   1
  Class: sky130_fd_sc_hd__inv_4 instances:   1
  Class: sky130_fd_sc_hd__inv_8 instances:   1
Circuit contains 21 nets.

Circuit 1 contains 17 devices, Circuit 2 contains 17 devices.
Circuit 1 contains 21 nets,    Circuit 2 contains 21 nets.


Contents of circuit 1:  Circuit: 'cdac_ctrl'
Circuit cdac_ctrl contains 22 device instances.
  Class: sky130_fd_sc_hd__buf_8 instances:   2
  Class: sky130_fd_sc_hd__dfrtp_2 instances:  20
Circuit contains 37 nets.
Contents of circuit 2:  Circuit: 'cdac_ctrl'
Circuit cdac_ctrl contains 22 device instances.
  Class: sky130_fd_sc_hd__buf_8 instances:   2
  Class: sky130_fd_sc_hd__dfrtp_2 instances:  20
Circuit contains 37 nets.

Circuit 1 contains 22 devices, Circuit 2 contains 22 devices.
Circuit 1 contains 37 nets,    Circuit 2 contains 37 nets.


Contents of circuit 1:  Circuit: 'tdc'
Circuit tdc contains 5 device instances.
  Class: sky130_fd_sc_hd__inv_8 instances:   2
  Class: delay_element         instances:   2
  Class: phase_detector        instances:   1
Circuit contains 11 nets.
Contents of circuit 2:  Circuit: 'tdc'
Circuit tdc contains 5 device instances.
  Class: sky130_fd_sc_hd__inv_8 instances:   2
  Class: delay_element         instances:   2
  Class: phase_detector        instances:   1
Circuit contains 11 nets.

Circuit 1 contains 5 devices, Circuit 2 contains 5 devices.
Circuit 1 contains 11 nets,    Circuit 2 contains 11 nets.


Contents of circuit 1:  Circuit: 'bsw_diff'
Circuit bsw_diff contains 28 device instances.
  Class: sky130_fd_pr__nfet_01v8 instances:  14
  Class: sky130_fd_pr__cap_mim_m3_1 instances:   8
  Class: sky130_fd_pr__pfet_01v8 instances:   6
Circuit contains 18 nets, and 2 disconnected pins.
Contents of circuit 2:  Circuit: 'bsw_diff'
Circuit bsw_diff contains 22 device instances.
  Class: sky130_fd_pr__nfet_01v8 instances:  14
  Class: sky130_fd_pr__cap_mim_m3_1 instances:   2
  Class: sky130_fd_pr__pfet_01v8 instances:   6
Circuit contains 18 nets.

Circuit was modified by parallel/series device merging.
New circuit summary:

Contents of circuit 1:  Circuit: 'bsw_diff'
Circuit bsw_diff contains 22 device instances.
  Class: sky130_fd_pr__nfet_01v8 instances:  14
  Class: sky130_fd_pr__cap_mim_m3_1 instances:   2
  Class: sky130_fd_pr__pfet_01v8 instances:   6
Circuit contains 18 nets, and 2 disconnected pins.
Contents of circuit 2:  Circuit: 'bsw_diff'
Circuit bsw_diff contains 22 device instances.
  Class: sky130_fd_pr__nfet_01v8 instances:  14
  Class: sky130_fd_pr__cap_mim_m3_1 instances:   2
  Class: sky130_fd_pr__pfet_01v8 instances:   6
Circuit contains 18 nets.

Circuit 1 contains 22 devices, Circuit 2 contains 22 devices.
Circuit 1 contains 18 nets,    Circuit 2 contains 18 nets.

  Flattening non-matched subcircuits bsw_diff bsw_diff

Flattening instances of bsw_diff in file /home/mthudaa/Documents/UNIC-CASS-TSAR-ADC-ITS/mag/TSAR_ADC.ext.spc
Flattening instances of bsw_diff in file /home/mthudaa/Documents/UNIC-CASS-TSAR-ADC-ITS/mag/TSAR_ADC.sch.spc

Contents of circuit 1:  Circuit: 'cdac_10b'
Circuit cdac_10b contains 2 device instances.
  Class: single_10b_cdac       instances:   2
Circuit contains 35 nets.
Contents of circuit 2:  Circuit: 'cdac_10b'
Circuit cdac_10b contains 2 device instances.
  Class: single_10b_cdac       instances:   2
Circuit contains 35 nets.

Circuit 1 contains 2 devices, Circuit 2 contains 2 devices.
Circuit 1 contains 35 nets,    Circuit 2 contains 35 nets.


Contents of circuit 1:  Circuit: 'sar'
Circuit sar contains 14 device instances.
  Class: sky130_fd_sc_hd__dfrtp_2 instances:  10
  Class: auto_sampling         instances:   1
  Class: cyclic_flag           instances:   1
  Class: sky130_fd_sc_hd__and2_1 instances:   1
  Class: cdac_ctrl             instances:   1
Circuit contains 50 nets.
Contents of circuit 2:  Circuit: 'sar'
Circuit sar contains 14 device instances.
  Class: sky130_fd_sc_hd__dfrtp_2 instances:  10
  Class: auto_sampling         instances:   1
  Class: cyclic_flag           instances:   1
  Class: sky130_fd_sc_hd__and2_1 instances:   1
  Class: cdac_ctrl             instances:   1
Circuit contains 52 nets.

Circuit 1 contains 14 devices, Circuit 2 contains 14 devices.
Circuit 1 contains 50 nets,    Circuit 2 contains 50 nets.


Contents of circuit 1:  Circuit: 'analog_block'
Circuit analog_block contains 24 device instances.
  Class: sky130_fd_pr__nfet_01v8 instances:  14
  Class: tdc                   instances:   1
  Class: sky130_fd_pr__cap_mim_m3_1 instances:   2
  Class: sky130_fd_pr__pfet_01v8 instances:   6
  Class: cdac_10b              instances:   1
Circuit contains 54 nets, and 2 disconnected pins.
Contents of circuit 2:  Circuit: 'analog_block'
Circuit analog_block contains 24 device instances.
  Class: sky130_fd_pr__nfet_01v8 instances:  14
  Class: tdc                   instances:   1
  Class: sky130_fd_pr__cap_mim_m3_1 instances:   2
  Class: sky130_fd_pr__pfet_01v8 instances:   6
  Class: cdac_10b              instances:   1
Circuit contains 56 nets.

Circuit 1 contains 24 devices, Circuit 2 contains 24 devices.
Circuit 1 contains 54 nets,    Circuit 2 contains 54 nets.

  Flattening non-matched subcircuits analog_block analog_block

Flattening instances of analog_block in file /home/mthudaa/Documents/UNIC-CASS-TSAR-ADC-ITS/mag/TSAR_ADC.ext.spc
Flattening instances of analog_block in file /home/mthudaa/Documents/UNIC-CASS-TSAR-ADC-ITS/mag/TSAR_ADC.sch.spc

Contents of circuit 1:  Circuit: 'TSAR_ADC'
Circuit TSAR_ADC contains 25 device instances.
  Class: sky130_fd_pr__nfet_01v8 instances:  14
  Class: tdc                   instances:   1
  Class: sky130_fd_pr__cap_mim_m3_1 instances:   2
  Class: sar                   instances:   1
  Class: sky130_fd_pr__pfet_01v8 instances:   6
  Class: cdac_10b              instances:   1
Circuit contains 70 nets.
Contents of circuit 2:  Circuit: 'TSAR_ADC'
Circuit TSAR_ADC contains 25 device instances.
  Class: sky130_fd_pr__nfet_01v8 instances:  14
  Class: tdc                   instances:   1
  Class: sky130_fd_pr__cap_mim_m3_1 instances:   2
  Class: sar                   instances:   1
  Class: sky130_fd_pr__pfet_01v8 instances:   6
  Class: cdac_10b              instances:   1
Circuit contains 72 nets.

Circuit 1 contains 25 devices, Circuit 2 contains 25 devices.
Circuit 1 contains 68 nets,    Circuit 2 contains 68 nets.


Final result: 
Circuits match uniquely.
.

The following cells had property errors:
 phase_detector

Logging to file "/home/mthudaa/Documents/UNIC-CASS-TSAR-ADC-ITS/mag/TSAR_ADC.lvs.out" disabled
LVS Done.
