
Circuit 1 cell sky130_fd_pr__pfet_01v8 and Circuit 2 cell sky130_fd_pr__pfet_01v8 are black boxes.
Warning: Equate pins:  cell sky130_fd_pr__pfet_01v8 is a placeholder, treated as a black box.
Warning: Equate pins:  cell sky130_fd_pr__pfet_01v8 is a placeholder, treated as a black box.

Subcircuit pins:
Circuit 1: sky130_fd_pr__pfet_01v8         |Circuit 2: sky130_fd_pr__pfet_01v8         
-------------------------------------------|-------------------------------------------
1                                          |1                                          
2                                          |2                                          
3                                          |3                                          
4                                          |4                                          
---------------------------------------------------------------------------------------
Cell pin lists are equivalent.
Device classes sky130_fd_pr__pfet_01v8 and sky130_fd_pr__pfet_01v8 are equivalent.

Circuit 1 cell sky130_fd_pr__cap_mim_m3_1 and Circuit 2 cell sky130_fd_pr__cap_mim_m3_1 are black boxes.
Warning: Equate pins:  cell sky130_fd_pr__cap_mim_m3_1 is a placeholder, treated as a black box.
Warning: Equate pins:  cell sky130_fd_pr__cap_mim_m3_1 is a placeholder, treated as a black box.

Subcircuit pins:
Circuit 1: sky130_fd_pr__cap_mim_m3_1      |Circuit 2: sky130_fd_pr__cap_mim_m3_1      
-------------------------------------------|-------------------------------------------
1                                          |1                                          
2                                          |2                                          
---------------------------------------------------------------------------------------
Cell pin lists are equivalent.
Device classes sky130_fd_pr__cap_mim_m3_1 and sky130_fd_pr__cap_mim_m3_1 are equivalent.

Circuit 1 cell sky130_fd_pr__nfet_01v8 and Circuit 2 cell sky130_fd_pr__nfet_01v8 are black boxes.
Warning: Equate pins:  cell sky130_fd_pr__nfet_01v8 is a placeholder, treated as a black box.
Warning: Equate pins:  cell sky130_fd_pr__nfet_01v8 is a placeholder, treated as a black box.

Subcircuit pins:
Circuit 1: sky130_fd_pr__nfet_01v8         |Circuit 2: sky130_fd_pr__nfet_01v8         
-------------------------------------------|-------------------------------------------
1                                          |1                                          
2                                          |2                                          
3                                          |3                                          
4                                          |4                                          
---------------------------------------------------------------------------------------
Cell pin lists are equivalent.
Device classes sky130_fd_pr__nfet_01v8 and sky130_fd_pr__nfet_01v8 are equivalent.
Flattening unmatched subcell sky130_fd_pr__pfet_01v8_275TTJ in circuit pcell_bsw_dischrg (0)(8 instances)

Class pcell_bsw_dischrg (0):  Merged 6 parallel devices.
Class pcell_bsw_dischrg (1):  Merged 3 parallel devices.
Subcircuit summary:
Circuit 1: pcell_bsw_dischrg               |Circuit 2: pcell_bsw_dischrg               
-------------------------------------------|-------------------------------------------
sky130_fd_pr__pfet_01v8 (8->2)             |sky130_fd_pr__pfet_01v8 (8->2)             
Number of devices: 2                       |Number of devices: 2                       
Number of nets: 3                          |Number of nets: 3                          
---------------------------------------------------------------------------------------
Netlists match uniquely.

Subcircuit pins:
Circuit 1: pcell_bsw_dischrg               |Circuit 2: pcell_bsw_dischrg               
-------------------------------------------|-------------------------------------------
SWITCHING                                  |SWITCHING                                  
VBOOT                                      |VBOOT                                      
VPBT3                                      |VPBT3                                      
---------------------------------------------------------------------------------------
Cell pin lists are equivalent.
Device classes pcell_bsw_dischrg and pcell_bsw_dischrg are equivalent.
Flattening unmatched subcell sky130_fd_pr__cap_mim_m3_1_UCPR8Z in circuit cap_bsw (0)(1 instance)
Flattening unmatched subcell sky130_fd_pr__cap_mim_m3_1_VCTT89 in circuit cap_bsw (0)(3 instances)

Class cap_bsw (0):  Merged 1 parallel devices.
Subcircuit summary:
Circuit 1: cap_bsw                         |Circuit 2: cap_bsw                         
-------------------------------------------|-------------------------------------------
sky130_fd_pr__cap_mim_m3_1 (4->3)          |sky130_fd_pr__cap_mim_m3_1 (4->3)          
Number of devices: 3                       |Number of devices: 3                       
Number of nets: 6                          |Number of nets: 6                          
---------------------------------------------------------------------------------------
Resolving symmetries by property value.
Resolving symmetries by pin name.
Netlists match uniquely.

Subcircuit pins:
Circuit 1: cap_bsw                         |Circuit 2: cap_bsw                         
-------------------------------------------|-------------------------------------------
VPBT1                                      |VPBT1                                      
VPBT2                                      |VPBT2                                      
VPBT3                                      |VPBT3                                      
VNBT1                                      |VNBT1                                      
CLKS                                       |CLKS                                       
VNBT3                                      |VNBT3                                      
---------------------------------------------------------------------------------------
Cell pin lists are equivalent.
Device classes cap_bsw and cap_bsw are equivalent.
Flattening unmatched subcell sky130_fd_pr__nfet_01v8_QS6TK8 in circuit ncell_bsw_sw (0)(8 instances)
Flattening unmatched subcell sky130_fd_pr__nfet_01v8_6J3TAM in circuit ncell_bsw_sw (0)(8 instances)

Class ncell_bsw_sw (0):  Merged 6 parallel devices.
Subcircuit summary:
Circuit 1: ncell_bsw_sw                    |Circuit 2: ncell_bsw_sw                    
-------------------------------------------|-------------------------------------------
sky130_fd_pr__nfet_01v8 (16->10)           |sky130_fd_pr__nfet_01v8 (16->7) **Mismatch 
Number of devices: 10 **Mismatch**         |Number of devices: 7 **Mismatch**          
Number of nets: 11 **Mismatch**            |Number of nets: 7 **Mismatch**             
---------------------------------------------------------------------------------------
NET mismatches: Class fragments follow (with fanout counts):
Circuit 1: ncell_bsw_sw                    |Circuit 2: ncell_bsw_sw                    

---------------------------------------------------------------------------------------
Net: SWITCHING                             |Net: SWITCHING                             
  sky130_fd_pr__nfet_01v8/(1|3) = 3        |  sky130_fd_pr__nfet_01v8/(1|3) = 3        
  sky130_fd_pr__nfet_01v8/2 = 2            |  sky130_fd_pr__nfet_01v8/2 = 1            
                                           |                                           
Net: VNBT1                                 |Net: VNBT1                                 
  sky130_fd_pr__nfet_01v8/2 = 1            |  sky130_fd_pr__nfet_01v8/2 = 1            
                                           |                                           
Net: VBOOT                                 |Net: VBOOT                                 
  sky130_fd_pr__nfet_01v8/2 = 4            |  sky130_fd_pr__nfet_01v8/2 = 3            
                                           |                                           
Net: VNBT3                                 |Net: VNBT3                                 
  sky130_fd_pr__nfet_01v8/(1|3) = 4        |  sky130_fd_pr__nfet_01v8/(1|3) = 3        
                                           |                                           
Net: VSSA                                  |Net: VSSA                                  
  sky130_fd_pr__nfet_01v8/4 = 10           |  sky130_fd_pr__nfet_01v8/4 = 7            
  sky130_fd_pr__nfet_01v8/(1|3) = 4        |  sky130_fd_pr__nfet_01v8/(1|3) = 3        
  sky130_fd_pr__nfet_01v8/2 = 1            |  sky130_fd_pr__nfet_01v8/2 = 1            
                                           |                                           
Net: sky130_fd_pr__nfet_01v8_6J3TAM_6/a_15 |(no matching net)                          
  sky130_fd_pr__nfet_01v8/(1|3) = 1        |                                           
                                           |                                           
Net: sky130_fd_pr__nfet_01v8_6J3TAM_4/a_15 |(no matching net)                          
  sky130_fd_pr__nfet_01v8/(1|3) = 1        |                                           
                                           |                                           
Net: a_653_n3074#                          |(no matching net)                          
  sky130_fd_pr__nfet_01v8/2 = 1            |                                           
                                           |                                           
Net: li_607_n3486#                         |(no matching net)                          
  sky130_fd_pr__nfet_01v8/(1|3) = 2        |                                           
---------------------------------------------------------------------------------------
DEVICE mismatches: Class fragments follow (with node fanout counts):
Circuit 1: ncell_bsw_sw                    |Circuit 2: ncell_bsw_sw                    

---------------------------------------------------------------------------------------
Instance: sky130_fd_pr__nfet_01v8_6J3TAM_1 |Instance: sky130_fd_pr__nfet_01v8:M3       
  (1,3) = (5,5)                            |  (1,3) = (4,3)                            
  2 = 5                                    |  2 = 3                                    
  4 = 15                                   |  4 = 11                                   
                                           |                                           
Instance: sky130_fd_pr__nfet_01v8_6J3TAM_0 |Instance: sky130_fd_pr__nfet_01v8:M4       
  (1,3) = (5,4)                            |  (1,3) = (11,3)                           
  2 = 4                                    |  2 = 1                                    
  4 = 15                                   |  4 = 11                                   
                                           |                                           
Instance: sky130_fd_pr__nfet_01v8_6J3TAM_1 |Instance: sky130_fd_pr__nfet_01v8:M6       
  (1,3) = (4,2)                            |  (1,3) = (11,11)                          
  2 = 4                                    |  2 = 11                                   
  4 = 15                                   |  4 = 11                                   
                                           |                                           
Instance: sky130_fd_pr__nfet_01v8_6J3TAM_2 |Instance: sky130_fd_pr__nfet_01v8:M7       
  (1,3) = (15,4)                           |  (1,3) = (4,4)                            
  2 = 1                                    |  2 = 4                                    
  4 = 15                                   |  4 = 11                                   
                                           |                                           
Instance: sky130_fd_pr__nfet_01v8_6J3TAM_4 |(no matching instance)                     
  (1,3) = (15,1)                           |                                           
  2 = 1                                    |                                           
  4 = 15                                   |                                           
                                           |                                           
                                           |                                           
Instance: sky130_fd_pr__nfet_01v8_6J3TAM_5 |(no matching instance)                     
  (1,3) = (15,15)                          |                                           
  2 = 15                                   |                                           
  4 = 15                                   |                                           
                                           |                                           
                                           |                                           
Instance: sky130_fd_pr__nfet_01v8_6J3TAM_6 |(no matching instance)                     
  (1,3) = (2,1)                            |                                           
  2 = 5                                    |                                           
  4 = 15                                   |                                           
                                           |                                           
---------------------------------------------------------------------------------------
Netlists do not match.
Port matching may fail to disambiguate symmetries.
  Flattening non-matched subcircuits ncell_bsw_sw ncell_bsw_sw
Flattening unmatched subcell sky130_fd_pr__nfet_01v8_6J3TAM in circuit ncell_bsw_dischrg (0)(8 instances)

Class ncell_bsw_dischrg (0):  Merged 4 parallel devices.
Subcircuit summary:
Circuit 1: ncell_bsw_dischrg               |Circuit 2: ncell_bsw_dischrg               
-------------------------------------------|-------------------------------------------
sky130_fd_pr__nfet_01v8 (8->4)             |sky130_fd_pr__nfet_01v8 (8->4)             
Number of devices: 4                       |Number of devices: 4                       
Number of nets: 5                          |Number of nets: 5                          
---------------------------------------------------------------------------------------
Netlists match uniquely.

Subcircuit pins:
Circuit 1: ncell_bsw_dischrg               |Circuit 2: ncell_bsw_dischrg               
-------------------------------------------|-------------------------------------------
VDDA                                       |VDDA                                       
CLKSB                                      |CLKSB                                      
VSSA                                       |VSSA                                       
VBOOT                                      |VBOOT                                      
---------------------------------------------------------------------------------------
Cell pin lists are equivalent.
Device classes ncell_bsw_dischrg and ncell_bsw_dischrg are equivalent.
Flattening unmatched subcell sky130_fd_pr__nfet_01v8_6J3TAM in circuit ncell_bsw (0)(16 instances)

Class ncell_bsw (0):  Merged 9 parallel devices.
Subcircuit summary:
Circuit 1: ncell_bsw                       |Circuit 2: ncell_bsw                       
-------------------------------------------|-------------------------------------------
sky130_fd_pr__nfet_01v8 (16->7)            |sky130_fd_pr__nfet_01v8 (14->7)            
Number of devices: 7                       |Number of devices: 7                       
Number of nets: 5                          |Number of nets: 5                          
---------------------------------------------------------------------------------------
Netlists match uniquely with property errors.
sky130_fd_pr__nfet_01v8_6J3TAM_0/sky130_fd_pr__nfet_01v8:0 vs. sky130_fd_pr__nfet_01v8:M7:
 w circuit1: 2   circuit2: 1   (delta=66.7%, cutoff=1%)

Subcircuit pins:
Circuit 1: ncell_bsw                       |Circuit 2: ncell_bsw                       
-------------------------------------------|-------------------------------------------
VPBT2                                      |VPBT2                                      
VSSA                                       |VSSA                                       
VPBT3                                      |VPBT3                                      
VDDA                                       |VDDA                                       
VPBT1                                      |VPBT1                                      
---------------------------------------------------------------------------------------
Cell pin lists are equivalent.
Device classes ncell_bsw and ncell_bsw are equivalent.
Flattening unmatched subcell sh_bsw in circuit sh_bsw_diff (0)(2 instances)
Flattening unmatched subcell sky130_fd_sc_hd__inv_1 in circuit sh_bsw_diff (0)(2 instances)
Flattening unmatched subcell sh_bsw-prelay in circuit sh_bsw_diff (1)(2 instances)
Flattening unmatched subcell inv_bsw in circuit sh_bsw_diff (1)(2 instances)

Class sh_bsw_diff (0):  Merged 2 parallel devices.
Class sh_bsw_diff (1):  Merged 1 parallel devices.
Subcircuit summary:
Circuit 1: sh_bsw_diff                     |Circuit 2: sh_bsw_diff                     
-------------------------------------------|-------------------------------------------
pcell_bsw_dischrg (2)                      |pcell_bsw_dischrg (2)                      
cap_bsw (2)                                |cap_bsw (2)                                
sky130_fd_pr__nfet_01v8 (34->20)           |sky130_fd_pr__nfet_01v8 (34->15) **Mismatc 
ncell_bsw_dischrg (2)                      |ncell_bsw_dischrg (2)                      
ncell_bsw (2)                              |ncell_bsw (2)                              
sky130_fd_pr__pfet_01v8_hvt (2)            |(no matching element)                      
(no matching element)                      |sky130_fd_pr__pfet_01v8 (2)                
Number of devices: 30 **Mismatch**         |Number of devices: 25 **Mismatch**         
Number of nets: 44 **Mismatch**            |Number of nets: 20 **Mismatch**            
---------------------------------------------------------------------------------------
NET mismatches: Class fragments follow (with fanout counts):
Circuit 1: sh_bsw_diff                     |Circuit 2: sh_bsw_diff                     

---------------------------------------------------------------------------------------
Net: CLKS                                  |Net: CLKS                                  
  cap_bsw/CLKS = 2                         |  cap_bsw/CLKS = 2                         
  sky130_fd_pr__nfet_01v8/2 = 2            |  sky130_fd_pr__nfet_01v8/2 = 2            
  sky130_fd_pr__pfet_01v8_hvt/2 = 2        |  sky130_fd_pr__pfet_01v8/2 = 2            
                                           |                                           
Net: CLKSB                                 |Net: CLKSB                                 
  cap_bsw/VNBT1 = 2                        |  cap_bsw/VNBT1 = 2                        
  ncell_bsw_dischrg/CLKSB = 2              |  ncell_bsw_dischrg/CLKSB = 2              
                                           |  sky130_fd_pr__nfet_01v8/2 = 2            
                                           |                                           
Net: /sh_bsw_0/ncell_bsw_sw_1/VNBT3        |Net: sh_bsw-prelay:1/VBOOT                 
  pcell_bsw_dischrg/VBOOT = 1              |  sky130_fd_pr__nfet_01v8/2 = 3            
  sky130_fd_pr__nfet_01v8/(1|3) = 4        |  pcell_bsw_dischrg/VBOOT = 1              
  ncell_bsw_dischrg/VBOOT = 1              |  ncell_bsw_dischrg/VBOOT = 1              
                                           |                                           
Net: /sh_bsw_1/ncell_bsw_sw_1/VNBT3        |Net: sh_bsw-prelay:2/VBOOT                 
  pcell_bsw_dischrg/VBOOT = 1              |  sky130_fd_pr__nfet_01v8/2 = 3            
  sky130_fd_pr__nfet_01v8/(1|3) = 4        |  pcell_bsw_dischrg/VBOOT = 1              
  ncell_bsw_dischrg/VBOOT = 1              |  ncell_bsw_dischrg/VBOOT = 1              
                                           |                                           
Net: /sh_bsw_1/ncell_bsw_sw_1/SWITCHING    |Net: sh_bsw-prelay:1/VNBT3                 
  sky130_fd_pr__nfet_01v8/(1|3) = 3        |  sky130_fd_pr__nfet_01v8/(1|3) = 4        
  sky130_fd_pr__nfet_01v8/2 = 2            |  cap_bsw/VNBT3 = 1                        
                                           |                                           
Net: /sh_bsw_0/ncell_bsw_sw_1/VBOOT        |Net: sh_bsw-prelay:2/VNBT3                 
  sky130_fd_pr__nfet_01v8/2 = 4            |  sky130_fd_pr__nfet_01v8/(1|3) = 4        
                                           |  cap_bsw/VNBT3 = 1                        
                                           |                                           
Net: /sh_bsw_1/ncell_bsw_sw_1/VBOOT        |Net: sh_bsw-prelay:1/VPBT1                 
  sky130_fd_pr__nfet_01v8/2 = 4            |  cap_bsw/VPBT1 = 1                        
                                           |  ncell_bsw/VPBT1 = 1                      
                                           |                                           
Net: /sh_bsw_0/ncell_bsw_sw_1/SWITCHING    |Net: sh_bsw-prelay:2/VPBT1                 
  sky130_fd_pr__nfet_01v8/(1|3) = 3        |  cap_bsw/VPBT1 = 1                        
  sky130_fd_pr__nfet_01v8/2 = 2            |  ncell_bsw/VPBT1 = 1                      
                                           |                                           
Net: VDDA                                  |Net: VDDA                                  
  ncell_bsw/VPBT1 = 2                      |  ncell_bsw_dischrg/VDDA = 2               
  sky130_fd_pr__pfet_01v8_hvt/(1|3) = 2    |  ncell_bsw/VDDA = 2                       
  sky130_fd_pr__pfet_01v8_hvt/4 = 2        |  sky130_fd_pr__pfet_01v8/(1|3) = 2        
                                           |  sky130_fd_pr__pfet_01v8/4 = 2            
                                           |                                           
Net: VSSA                                  |Net: VSSA                                  
  sky130_fd_pr__nfet_01v8/4 = 20           |  sky130_fd_pr__nfet_01v8/4 = 15           
  sky130_fd_pr__nfet_01v8/(1|3) = 5        |  sky130_fd_pr__nfet_01v8/(1|3) = 4        
  sky130_fd_pr__nfet_01v8/2 = 1            |  sky130_fd_pr__nfet_01v8/2 = 1            
  ncell_bsw_dischrg/VSSA = 2               |  ncell_bsw_dischrg/VSSA = 2               
  ncell_bsw/VSSA = 2                       |  ncell_bsw/VSSA = 2                       
                                           |                                           
Net: /sh_bsw_0//ncell_bsw_sw_1/sky130_fd_p |Net: sh_bsw-prelay:1/SWITCHING             
  sky130_fd_pr__nfet_01v8/(1|3) = 1        |  sky130_fd_pr__nfet_01v8/(1|3) = 4        
                                           |  sky130_fd_pr__nfet_01v8/2 = 1            
                                           |  pcell_bsw_dischrg/SWITCHING = 1          
                                           |  sky130_fd_pr__pfet_01v8/(1|3) = 1        
                                           |                                           
Net: /sh_bsw_0//ncell_bsw_sw_1/sky130_fd_p |Net: sh_bsw-prelay:2/SWITCHING             
  sky130_fd_pr__nfet_01v8/(1|3) = 1        |  sky130_fd_pr__nfet_01v8/(1|3) = 4        
                                           |  sky130_fd_pr__nfet_01v8/2 = 1            
                                           |  pcell_bsw_dischrg/SWITCHING = 1          
                                           |  sky130_fd_pr__pfet_01v8/(1|3) = 1        
                                           |                                           
Net: /sh_bsw_1/sky130_fd_sc_hd__inv_1_0/VG |Net: sh_bsw-prelay:1/VPBT3                 
  sky130_fd_pr__nfet_01v8/(1|3) = 1        |  pcell_bsw_dischrg/VPBT3 = 1              
                                           |  cap_bsw/VPBT3 = 1                        
                                           |  ncell_bsw/VPBT3 = 1                      
                                           |                                           
Net: /sh_bsw_1//ncell_bsw_sw_1/sky130_fd_p |Net: sh_bsw-prelay:2/VPBT3                 
  sky130_fd_pr__nfet_01v8/(1|3) = 1        |  pcell_bsw_dischrg/VPBT3 = 1              
                                           |  cap_bsw/VPBT3 = 1                        
                                           |  ncell_bsw/VPBT3 = 1                      
                                           |                                           
Net: /sh_bsw_0/pcell_bsw_dischrg_1/VPBT3   |(no matching net)                          
  pcell_bsw_dischrg/VPBT3 = 1              |                                           
                                           |                                           
Net: /sh_bsw_1/pcell_bsw_dischrg_1/VPBT3   |(no matching net)                          
  pcell_bsw_dischrg/VPBT3 = 1              |                                           
                                           |                                           
Net: /sh_bsw_0/pcell_bsw_dischrg_1/SWITCHI |(no matching net)                          
  pcell_bsw_dischrg/SWITCHING = 1          |                                           
                                           |                                           
Net: /sh_bsw_1/pcell_bsw_dischrg_1/SWITCHI |(no matching net)                          
  pcell_bsw_dischrg/SWITCHING = 1          |                                           
                                           |                                           
Net: /sh_bsw_0/cap_bsw_1/VPBT1             |(no matching net)                          
  cap_bsw/VPBT1 = 1                        |                                           
                                           |                                           
Net: /sh_bsw_1/cap_bsw_1/VPBT1             |(no matching net)                          
  cap_bsw/VPBT1 = 1                        |                                           
                                           |                                           
Net: /sh_bsw_0/cap_bsw_1/VPBT3             |(no matching net)                          
  cap_bsw/VPBT3 = 1                        |                                           
                                           |                                           
Net: /sh_bsw_1/cap_bsw_1/VPBT3             |(no matching net)                          
  cap_bsw/VPBT3 = 1                        |                                           
                                           |                                           
Net: /sh_bsw_0/cap_bsw_1/VNBT3             |(no matching net)                          
  cap_bsw/VNBT3 = 1                        |                                           
                                           |                                           
Net: /sh_bsw_1/cap_bsw_1/VNBT3             |(no matching net)                          
  cap_bsw/VNBT3 = 1                        |                                           
                                           |                                           
Net: /sh_bsw_0/ncell_bsw_sw_1/VNBT1        |(no matching net)                          
  sky130_fd_pr__nfet_01v8/2 = 1            |                                           
                                           |                                           
Net: /sh_bsw_0//ncell_bsw_sw_1/a_653_n3074 |(no matching net)                          
  sky130_fd_pr__nfet_01v8/2 = 1            |                                           
                                           |                                           
Net: /sh_bsw_1/ncell_bsw_sw_1/VNBT1        |(no matching net)                          
  sky130_fd_pr__nfet_01v8/2 = 1            |                                           
                                           |                                           
Net: /sh_bsw_0/ncell_bsw_dischrg_1/VDDA    |(no matching net)                          
  ncell_bsw_dischrg/VDDA = 1               |                                           
                                           |                                           
Net: /sh_bsw_1/ncell_bsw_dischrg_1/VDDA    |(no matching net)                          
  ncell_bsw_dischrg/VDDA = 1               |                                           
                                           |                                           
Net: /sh_bsw_0/ncell_bsw_1/VDDA            |(no matching net)                          
  ncell_bsw/VDDA = 1                       |                                           
                                           |                                           
Net: /sh_bsw_1/ncell_bsw_1/VDDA            |(no matching net)                          
  ncell_bsw/VDDA = 1                       |                                           
                                           |                                           
Net: /sh_bsw_0/ncell_bsw_1/VPBT3           |(no matching net)                          
  ncell_bsw/VPBT3 = 1                      |                                           
                                           |                                           
Net: /sh_bsw_1/ncell_bsw_1/VPBT3           |(no matching net)                          
  ncell_bsw/VPBT3 = 1                      |                                           
                                           |                                           
Net: /sh_bsw_0/sky130_fd_sc_hd__inv_1_0/VG |(no matching net)                          
  sky130_fd_pr__nfet_01v8/(1|3) = 1        |                                           
                                           |                                           
Net: /sh_bsw_0/sky130_fd_sc_hd__inv_1_0/Y  |(no matching net)                          
  sky130_fd_pr__nfet_01v8/(1|3) = 1        |                                           
  sky130_fd_pr__pfet_01v8_hvt/(1|3) = 1    |                                           
                                           |                                           
Net: /sh_bsw_1/sky130_fd_sc_hd__inv_1_0/Y  |(no matching net)                          
  sky130_fd_pr__nfet_01v8/(1|3) = 1        |                                           
  sky130_fd_pr__pfet_01v8_hvt/(1|3) = 1    |                                           
                                           |                                           
Net: /sh_bsw_0//ncell_bsw_sw_1/li_607_n348 |(no matching net)                          
  sky130_fd_pr__nfet_01v8/(1|3) = 2        |                                           
                                           |                                           
Net: /sh_bsw_1//ncell_bsw_sw_1/li_607_n348 |(no matching net)                          
  sky130_fd_pr__nfet_01v8/(1|3) = 2        |                                           
---------------------------------------------------------------------------------------
DEVICE mismatches: Class fragments follow (with node fanout counts):
Circuit 1: sh_bsw_diff                     |Circuit 2: sh_bsw_diff                     

---------------------------------------------------------------------------------------
Instance: sh_bsw_0//ncell_bsw_sw_1//sky130 |Instance: sh_bsw-prelay:1/ncell_bsw_sw:3/s 
  (1,3) = (5,5)                            |  (1,3) = (7,5)                            
  2 = 5                                    |  2 = 5                                    
  4 = 30                                   |  4 = 24                                   
                                           |                                           
Instance: sh_bsw_0//ncell_bsw_sw_1//sky130 |Instance: sh_bsw-prelay:1/ncell_bsw_sw:3/s 
  (1,3) = (6,5)                            |  (1,3) = (24,5)                           
  2 = 4                                    |  2 = 6                                    
  4 = 30                                   |  4 = 24                                   
                                           |                                           
Instance: sh_bsw_0//ncell_bsw_sw_1//sky130 |Instance: sh_bsw-prelay:1/ncell_bsw_sw:3/s 
  (1,3) = (6,2)                            |  (1,3) = (24,24)                          
  2 = 4                                    |  2 = 24                                   
  4 = 30                                   |  4 = 24                                   
                                           |                                           
Instance: sh_bsw_0//ncell_bsw_sw_1//sky130 |Instance: sh_bsw-prelay:1/ncell_bsw_sw:3/s 
  (1,3) = (30,6)                           |  (1,3) = (7,7)                            
  2 = 1                                    |  2 = 7                                    
  4 = 30                                   |  4 = 24                                   
                                           |                                           
Instance: sh_bsw_0//ncell_bsw_sw_1//sky130 |Instance: sh_bsw-prelay:1/inv_bsw:7/sky130 
  (1,3) = (30,1)                           |  (1,3) = (7,5)                            
  2 = 1                                    |  2 = 6                                    
  4 = 30                                   |  4 = 24                                   
                                           |                                           
Instance: sh_bsw_0//ncell_bsw_sw_1//sky130 |Instance: sh_bsw-prelay:2/ncell_bsw_sw:3/s 
  (1,3) = (30,30)                          |  (1,3) = (7,5)                            
  2 = 30                                   |  2 = 5                                    
  4 = 30                                   |  4 = 24                                   
                                           |                                           
Instance: sh_bsw_0//ncell_bsw_sw_1//sky130 |Instance: sh_bsw-prelay:2/ncell_bsw_sw:3/s 
  (1,3) = (2,1)                            |  (1,3) = (24,5)                           
  2 = 5                                    |  2 = 6                                    
  4 = 30                                   |  4 = 24                                   
                                           |                                           
Instance: sh_bsw_0//sky130_fd_sc_hd__inv_1 |Instance: sh_bsw-prelay:2/ncell_bsw_sw:3/s 
  (1,3) = (2,1)                            |  (1,3) = (7,7)                            
  2 = 6                                    |  2 = 7                                    
  4 = 30                                   |  4 = 24                                   
                                           |                                           
Instance: sh_bsw_1//ncell_bsw_sw_1//sky130 |Instance: sh_bsw-prelay:2/inv_bsw:7/sky130 
  (1,3) = (5,5)                            |  (1,3) = (7,5)                            
  2 = 5                                    |  2 = 6                                    
  4 = 30                                   |  4 = 24                                   
                                           |                                           
Instance: sh_bsw_1//ncell_bsw_sw_1//sky130 |Instance: sh_bsw-prelay:1/inv_bsw:7/sky130 
  (1,3) = (6,5)                            |  (1,3) = (8,7)                            
  2 = 4                                    |  2 = 6                                    
  4 = 30                                   |  4 = 8                                    
                                           |                                           
Instance: sh_bsw_1//ncell_bsw_sw_1//sky130 |Instance: sh_bsw-prelay:2/inv_bsw:7/sky130 
  (1,3) = (6,2)                            |  (1,3) = (8,7)                            
  2 = 4                                    |  2 = 6                                    
  4 = 30                                   |  4 = 8                                    
                                           |                                           
Instance: sh_bsw_1//ncell_bsw_sw_1//sky130 |(no matching instance)                     
  (1,3) = (30,6)                           |                                           
  2 = 1                                    |                                           
  4 = 30                                   |                                           
                                           |                                           
                                           |                                           
Instance: sh_bsw_1//ncell_bsw_sw_1//sky130 |(no matching instance)                     
  (1,3) = (2,1)                            |                                           
  2 = 5                                    |                                           
  4 = 30                                   |                                           
                                           |                                           
                                           |                                           
Instance: sh_bsw_1//sky130_fd_sc_hd__inv_1 |(no matching instance)                     
  (1,3) = (2,1)                            |                                           
  2 = 6                                    |                                           
  4 = 30                                   |                                           
                                           |                                           
                                           |                                           
Instance: sh_bsw_0//sky130_fd_sc_hd__inv_1 |(no matching instance)                     
  (1,3) = (6,2)                            |                                           
  2 = 6                                    |                                           
  4 = 6                                    |                                           
                                           |                                           
                                           |                                           
Instance: sh_bsw_1//sky130_fd_sc_hd__inv_1 |(no matching instance)                     
  (1,3) = (6,2)                            |                                           
  2 = 6                                    |                                           
  4 = 6                                    |                                           
                                           |                                           
---------------------------------------------------------------------------------------
Netlists do not match.
Port matching may fail to disambiguate symmetries.

Subcircuit pins:
Circuit 1: sh_bsw_diff                     |Circuit 2: sh_bsw_diff                     
-------------------------------------------|-------------------------------------------
VDDA                                       |CLKS **Mismatch**                          
CLKS                                       |CLKSB **Mismatch**                         
CLKSB                                      |(no pin, node is sh_bsw-prelay:1/VNBT3)    
Cell pin lists are equivalent.
Device classes sh_bsw_diff and sh_bsw_diff are equivalent.

Final result: Netlists do not match.
Port matching may fail to disambiguate symmetries.

The following cells had property errors:
 ncell_bsw
