Netgen 1.5.277 compiled on Tue Oct 15 10:26:51 WIB 2024
Warning: netgen command 'format' use fully-qualified name '::netgen::format'
Warning: netgen command 'global' use fully-qualified name '::netgen::global'
Reading netlist file /home/ahmadjabar/UNIC-CASS-TSAR-ADC-ITS/lvs/sh_bsw_diff/sh_bsw_diff.ext.spc
Call to undefined subcircuit sky130_fd_pr__pfet_01v8
Creating placeholder cell definition.
Call to undefined subcircuit sky130_fd_pr__cap_mim_m3_1
Creating placeholder cell definition.
Call to undefined subcircuit sky130_fd_pr__nfet_01v8
Creating placeholder cell definition.
Call to undefined subcircuit sky130_fd_pr__pfet_01v8_hvt
Creating placeholder cell definition.
Reading netlist file /home/ahmadjabar/UNIC-CASS-TSAR-ADC-ITS/lvs/sh_bsw_diff/sh_bsw_diff.sch.spc
Call to undefined subcircuit sh_bsw-prelay
Creating placeholder cell definition.
Call to undefined subcircuit ncell_bsw_sw
Creating placeholder cell definition.
Call to undefined subcircuit pcell_bsw_dischrg
Creating placeholder cell definition.
Call to undefined subcircuit cap_bsw
Creating placeholder cell definition.
Call to undefined subcircuit ncell_bsw_dischrg
Creating placeholder cell definition.
Call to undefined subcircuit ncell_bsw
Creating placeholder cell definition.
Call to undefined subcircuit inv_bsw
Creating placeholder cell definition.
Call to undefined subcircuit sky130_fd_pr__nfet_01v8
Creating placeholder cell definition.
Call to undefined subcircuit sky130_fd_pr__pfet_01v8
Creating placeholder cell definition.
Call to undefined subcircuit sky130_fd_pr__cap_mim_m3_1
Creating placeholder cell definition.

Reading setup file /home/ahmadjabar/pdk/sky130A/libs.tech/netgen/sky130A_setup.tcl

Model sky130_fd_pr__nfet_01v8 pin 1 == 3
No property mult found for device sky130_fd_pr__nfet_01v8
No property sa found for device sky130_fd_pr__nfet_01v8
No property sb found for device sky130_fd_pr__nfet_01v8
No property sd found for device sky130_fd_pr__nfet_01v8
No property nf found for device sky130_fd_pr__nfet_01v8
No property nrd found for device sky130_fd_pr__nfet_01v8
No property nrs found for device sky130_fd_pr__nfet_01v8
No property area found for device sky130_fd_pr__nfet_01v8
No property perim found for device sky130_fd_pr__nfet_01v8
No property topography found for device sky130_fd_pr__nfet_01v8
Model sky130_fd_pr__nfet_01v8 pin 1 == 3
No property as found for device sky130_fd_pr__nfet_01v8
No property ad found for device sky130_fd_pr__nfet_01v8
No property ps found for device sky130_fd_pr__nfet_01v8
No property pd found for device sky130_fd_pr__nfet_01v8
No property mult found for device sky130_fd_pr__nfet_01v8
No property sa found for device sky130_fd_pr__nfet_01v8
No property sb found for device sky130_fd_pr__nfet_01v8
No property sd found for device sky130_fd_pr__nfet_01v8
No property nrd found for device sky130_fd_pr__nfet_01v8
No property nrs found for device sky130_fd_pr__nfet_01v8
No property area found for device sky130_fd_pr__nfet_01v8
No property perim found for device sky130_fd_pr__nfet_01v8
No property topography found for device sky130_fd_pr__nfet_01v8
Model sky130_fd_pr__pfet_01v8 pin 1 == 3
No property mult found for device sky130_fd_pr__pfet_01v8
No property sa found for device sky130_fd_pr__pfet_01v8
No property sb found for device sky130_fd_pr__pfet_01v8
No property sd found for device sky130_fd_pr__pfet_01v8
No property nf found for device sky130_fd_pr__pfet_01v8
No property nrd found for device sky130_fd_pr__pfet_01v8
No property nrs found for device sky130_fd_pr__pfet_01v8
No property area found for device sky130_fd_pr__pfet_01v8
No property perim found for device sky130_fd_pr__pfet_01v8
No property topography found for device sky130_fd_pr__pfet_01v8
Model sky130_fd_pr__pfet_01v8 pin 1 == 3
No property as found for device sky130_fd_pr__pfet_01v8
No property ad found for device sky130_fd_pr__pfet_01v8
No property ps found for device sky130_fd_pr__pfet_01v8
No property pd found for device sky130_fd_pr__pfet_01v8
No property mult found for device sky130_fd_pr__pfet_01v8
No property sa found for device sky130_fd_pr__pfet_01v8
No property sb found for device sky130_fd_pr__pfet_01v8
No property sd found for device sky130_fd_pr__pfet_01v8
No property nrd found for device sky130_fd_pr__pfet_01v8
No property nrs found for device sky130_fd_pr__pfet_01v8
No property area found for device sky130_fd_pr__pfet_01v8
No property perim found for device sky130_fd_pr__pfet_01v8
No property topography found for device sky130_fd_pr__pfet_01v8
Model sky130_fd_pr__pfet_01v8_hvt pin 1 == 3
No property mult found for device sky130_fd_pr__pfet_01v8_hvt
No property sa found for device sky130_fd_pr__pfet_01v8_hvt
No property sb found for device sky130_fd_pr__pfet_01v8_hvt
No property sd found for device sky130_fd_pr__pfet_01v8_hvt
No property nf found for device sky130_fd_pr__pfet_01v8_hvt
No property nrd found for device sky130_fd_pr__pfet_01v8_hvt
No property nrs found for device sky130_fd_pr__pfet_01v8_hvt
No property area found for device sky130_fd_pr__pfet_01v8_hvt
No property perim found for device sky130_fd_pr__pfet_01v8_hvt
No property topography found for device sky130_fd_pr__pfet_01v8_hvt
No property area found for device sky130_fd_pr__cap_mim_m3_1
No property value found for device sky130_fd_pr__cap_mim_m3_1
No property mult found for device sky130_fd_pr__cap_mim_m3_1
No property perim found for device sky130_fd_pr__cap_mim_m3_1
No property mf found for device sky130_fd_pr__cap_mim_m3_1
No property area found for device sky130_fd_pr__cap_mim_m3_1
No property value found for device sky130_fd_pr__cap_mim_m3_1
No property mult found for device sky130_fd_pr__cap_mim_m3_1
No property perim found for device sky130_fd_pr__cap_mim_m3_1
No property mf found for device sky130_fd_pr__cap_mim_m3_1
Comparison output logged to file /home/ahmadjabar/UNIC-CASS-TSAR-ADC-ITS/lvs/sh_bsw_diff/sh_bsw_diff.lvs.out
Logging to file "/home/ahmadjabar/UNIC-CASS-TSAR-ADC-ITS/lvs/sh_bsw_diff/sh_bsw_diff.lvs.out" enabled
Circuit sky130_fd_pr__pfet_01v8 contains no devices.
Circuit sky130_fd_pr__cap_mim_m3_1 contains no devices.
Circuit sky130_fd_pr__nfet_01v8 contains no devices.

Contents of circuit 1:  Circuit: 'pcell_bsw_dischrg'
Circuit pcell_bsw_dischrg contains 8 device instances.
  Class: sky130_fd_pr__pfet_01v8 instances:   8
Circuit contains 3 nets.
Contents of circuit 2:  Circuit: 'pcell_bsw_dischrg'
Circuit pcell_bsw_dischrg contains 5 device instances.
  Class: sky130_fd_pr__pfet_01v8 instances:   5
Circuit contains 3 nets.

Circuit was modified by parallel/series device merging.
New circuit summary:

Contents of circuit 1:  Circuit: 'pcell_bsw_dischrg'
Circuit pcell_bsw_dischrg contains 2 device instances.
  Class: sky130_fd_pr__pfet_01v8 instances:   2
Circuit contains 3 nets.
Contents of circuit 2:  Circuit: 'pcell_bsw_dischrg'
Circuit pcell_bsw_dischrg contains 2 device instances.
  Class: sky130_fd_pr__pfet_01v8 instances:   2
Circuit contains 3 nets.

Circuit 1 contains 2 devices, Circuit 2 contains 2 devices.
Circuit 1 contains 3 nets,    Circuit 2 contains 3 nets.


Contents of circuit 1:  Circuit: 'cap_bsw'
Circuit cap_bsw contains 4 device instances.
  Class: sky130_fd_pr__cap_mim_m3_1 instances:   4
Circuit contains 6 nets.
Contents of circuit 2:  Circuit: 'cap_bsw'
Circuit cap_bsw contains 3 device instances.
  Class: sky130_fd_pr__cap_mim_m3_1 instances:   3
Circuit contains 6 nets.

Circuit was modified by parallel/series device merging.
New circuit summary:

Contents of circuit 1:  Circuit: 'cap_bsw'
Circuit cap_bsw contains 3 device instances.
  Class: sky130_fd_pr__cap_mim_m3_1 instances:   3
Circuit contains 6 nets.
Contents of circuit 2:  Circuit: 'cap_bsw'
Circuit cap_bsw contains 3 device instances.
  Class: sky130_fd_pr__cap_mim_m3_1 instances:   3
Circuit contains 6 nets.

Circuit 1 contains 3 devices, Circuit 2 contains 3 devices.
Circuit 1 contains 6 nets,    Circuit 2 contains 6 nets.


Contents of circuit 1:  Circuit: 'ncell_bsw_sw'
Circuit ncell_bsw_sw contains 16 device instances.
  Class: sky130_fd_pr__nfet_01v8 instances:  16
Circuit contains 11 nets.
Contents of circuit 2:  Circuit: 'ncell_bsw_sw'
Circuit ncell_bsw_sw contains 7 device instances.
  Class: sky130_fd_pr__nfet_01v8 instances:   7
Circuit contains 7 nets.

Circuit was modified by parallel/series device merging.
New circuit summary:

Contents of circuit 1:  Circuit: 'ncell_bsw_sw'
Circuit ncell_bsw_sw contains 10 device instances.
  Class: sky130_fd_pr__nfet_01v8 instances:  10
Circuit contains 11 nets.
Contents of circuit 2:  Circuit: 'ncell_bsw_sw'
Circuit ncell_bsw_sw contains 7 device instances.
  Class: sky130_fd_pr__nfet_01v8 instances:   7
Circuit contains 7 nets.

Circuit 1 contains 10 devices, Circuit 2 contains 7 devices. *** MISMATCH ***
Circuit 1 contains 11 nets,    Circuit 2 contains 7 nets. *** MISMATCH ***

  Flattening non-matched subcircuits ncell_bsw_sw ncell_bsw_sw

Flattening instances of ncell_bsw_sw in file /home/ahmadjabar/UNIC-CASS-TSAR-ADC-ITS/lvs/sh_bsw_diff/sh_bsw_diff.ext.spc
Flattening instances of ncell_bsw_sw in file /home/ahmadjabar/UNIC-CASS-TSAR-ADC-ITS/lvs/sh_bsw_diff/sh_bsw_diff.sch.spc

Contents of circuit 1:  Circuit: 'ncell_bsw_dischrg'
Circuit ncell_bsw_dischrg contains 8 device instances.
  Class: sky130_fd_pr__nfet_01v8 instances:   8
Circuit contains 5 nets.
Contents of circuit 2:  Circuit: 'ncell_bsw_dischrg'
Circuit ncell_bsw_dischrg contains 4 device instances.
  Class: sky130_fd_pr__nfet_01v8 instances:   4
Circuit contains 5 nets.

Circuit was modified by parallel/series device merging.
New circuit summary:

Contents of circuit 1:  Circuit: 'ncell_bsw_dischrg'
Circuit ncell_bsw_dischrg contains 4 device instances.
  Class: sky130_fd_pr__nfet_01v8 instances:   4
Circuit contains 5 nets.
Contents of circuit 2:  Circuit: 'ncell_bsw_dischrg'
Circuit ncell_bsw_dischrg contains 4 device instances.
  Class: sky130_fd_pr__nfet_01v8 instances:   4
Circuit contains 5 nets.

Circuit 1 contains 4 devices, Circuit 2 contains 4 devices.
Circuit 1 contains 5 nets,    Circuit 2 contains 5 nets.


Contents of circuit 1:  Circuit: 'ncell_bsw'
Circuit ncell_bsw contains 16 device instances.
  Class: sky130_fd_pr__nfet_01v8 instances:  16
Circuit contains 5 nets.
Contents of circuit 2:  Circuit: 'ncell_bsw'
Circuit ncell_bsw contains 7 device instances.
  Class: sky130_fd_pr__nfet_01v8 instances:   7
Circuit contains 5 nets.

Circuit was modified by parallel/series device merging.
New circuit summary:

Contents of circuit 1:  Circuit: 'ncell_bsw'
Circuit ncell_bsw contains 7 device instances.
  Class: sky130_fd_pr__nfet_01v8 instances:   7
Circuit contains 5 nets.
Contents of circuit 2:  Circuit: 'ncell_bsw'
Circuit ncell_bsw contains 7 device instances.
  Class: sky130_fd_pr__nfet_01v8 instances:   7
Circuit contains 5 nets.

Circuit 1 contains 7 devices, Circuit 2 contains 7 devices.
Circuit 1 contains 5 nets,    Circuit 2 contains 5 nets.


Contents of circuit 1:  Circuit: 'sh_bsw_diff'
Circuit sh_bsw_diff contains 32 device instances.
  Class: sky130_fd_pr__nfet_01v8 instances:  22
  Class: ncell_bsw             instances:   2
  Class: sky130_fd_pr__pfet_01v8_hvt instances:   2
  Class: cap_bsw               instances:   2
  Class: pcell_bsw_dischrg     instances:   2
  Class: ncell_bsw_dischrg     instances:   2
Circuit contains 46 nets.
Contents of circuit 2:  Circuit: 'sh_bsw_diff'
Circuit sh_bsw_diff contains 26 device instances.
  Class: sky130_fd_pr__nfet_01v8 instances:  16
  Class: ncell_bsw             instances:   2
  Class: sky130_fd_pr__pfet_01v8 instances:   2
  Class: cap_bsw               instances:   2
  Class: pcell_bsw_dischrg     instances:   2
  Class: ncell_bsw_dischrg     instances:   2
Circuit contains 20 nets.

Circuit was modified by parallel/series device merging.
New circuit summary:

Contents of circuit 1:  Circuit: 'sh_bsw_diff'
Circuit sh_bsw_diff contains 30 device instances.
  Class: sky130_fd_pr__nfet_01v8 instances:  20
  Class: ncell_bsw             instances:   2
  Class: sky130_fd_pr__pfet_01v8_hvt instances:   2
  Class: cap_bsw               instances:   2
  Class: pcell_bsw_dischrg     instances:   2
  Class: ncell_bsw_dischrg     instances:   2
Circuit contains 46 nets.
Contents of circuit 2:  Circuit: 'sh_bsw_diff'
Circuit sh_bsw_diff contains 25 device instances.
  Class: sky130_fd_pr__nfet_01v8 instances:  15
  Class: ncell_bsw             instances:   2
  Class: sky130_fd_pr__pfet_01v8 instances:   2
  Class: cap_bsw               instances:   2
  Class: pcell_bsw_dischrg     instances:   2
  Class: ncell_bsw_dischrg     instances:   2
Circuit contains 20 nets.

Circuit 1 contains 30 devices, Circuit 2 contains 25 devices. *** MISMATCH ***
Circuit 1 contains 44 nets,    Circuit 2 contains 20 nets. *** MISMATCH ***


Final result: 
Netlists do not match.
Port matching may fail to disambiguate symmetries.

The following cells had property errors:
 ncell_bsw

Logging to file "/home/ahmadjabar/UNIC-CASS-TSAR-ADC-ITS/lvs/sh_bsw_diff/sh_bsw_diff.lvs.out" disabled
LVS Done.
